[2023-04-24 00:58:03] production.ERROR: No application encryption key has been specified. {"exception":"[object] (RuntimeException(code: 0): No application encryption key has been specified. at C:\\Users\\onurb\\code_batcave\\php-laravel-docker-snake-game\\vendor\\laravel\\framework\\src\\Illuminate\\Encryption\\EncryptionServiceProvider.php:44)
[stacktrace]
#0 C:\\Users\\onurb\\code_batcave\\php-laravel-docker-snake-game\\vendor\\laravel\\framework\\src\\Illuminate\\Support\\helpers.php(1124): Illuminate\\Encryption\\EncryptionServiceProvider->Illuminate\\Encryption\\{closure}()
#1 C:\\Users\\onurb\\code_batcave\\php-laravel-docker-snake-game\\vendor\\laravel\\framework\\src\\Illuminate\\Encryption\\EncryptionServiceProvider.php(48): tap()
#2 C:\\Users\\onurb\\code_batcave\\php-laravel-docker-snake-game\\vendor\\laravel\\framework\\src\\Illuminate\\Encryption\\EncryptionServiceProvider.php(24): Illuminate\\Encryption\\EncryptionServiceProvider->key()
#3 C:\\Users\\onurb\\code_batcave\\php-laravel-docker-snake-game\\vendor\\laravel\\framework\\src\\Illuminate\\Container\\Container.php(785): Illuminate\\Encryption\\EncryptionServiceProvider->Illuminate\\Encryption\\{closure}()
#4 C:\\Users\\onurb\\code_batcave\\php-laravel-docker-snake-game\\vendor\\laravel\\framework\\src\\Illuminate\\Container\\Container.php(667): Illuminate\\Container\\Container->build()
#5 C:\\Users\\onurb\\code_batcave\\php-laravel-docker-snake-game\\vendor\\laravel\\framework\\src\\Illuminate\\Container\\Container.php(615): Illuminate\\Container\\Container->resolve()
#6 C:\\Users\\onurb\\code_batcave\\php-laravel-docker-snake-game\\vendor\\laravel\\framework\\src\\Illuminate\\Foundation\\Application.php(767): Illuminate\\Container\\Container->make()
#7 C:\\Users\\onurb\\code_batcave\\php-laravel-docker-snake-game\\vendor\\laravel\\framework\\src\\Illuminate\\Container\\Container.php(927): Illuminate\\Foundation\\Application->make()
#8 C:\\Users\\onurb\\code_batcave\\php-laravel-docker-snake-game\\vendor\\laravel\\framework\\src\\Illuminate\\Container\\Container.php(855): Illuminate\\Container\\Container->resolveClass()
#9 C:\\Users\\onurb\\code_batcave\\php-laravel-docker-snake-game\\vendor\\laravel\\framework\\src\\Illuminate\\Container\\Container.php(816): Illuminate\\Container\\Container->resolveDependencies()
#10 C:\\Users\\onurb\\code_batcave\\php-laravel-docker-snake-game\\vendor\\laravel\\framework\\src\\Illuminate\\Container\\Container.php(667): Illuminate\\Container\\Container->build()
#11 C:\\Users\\onurb\\code_batcave\\php-laravel-docker-snake-game\\vendor\\laravel\\framework\\src\\Illuminate\\Container\\Container.php(615): Illuminate\\Container\\Container->resolve()
#12 C:\\Users\\onurb\\code_batcave\\php-laravel-docker-snake-game\\vendor\\laravel\\framework\\src\\Illuminate\\Foundation\\Application.php(767): Illuminate\\Container\\Container->make()
#13 C:\\Users\\onurb\\code_batcave\\php-laravel-docker-snake-game\\vendor\\laravel\\framework\\src\\Illuminate\\Pipeline\\Pipeline.php(152): Illuminate\\Foundation\\Application->make()
#14 C:\\Users\\onurb\\code_batcave\\php-laravel-docker-snake-game\\vendor\\laravel\\framework\\src\\Illuminate\\Routing\\Pipeline.php(53): Illuminate\\Pipeline\\Pipeline->Illuminate\\Pipeline\\{closure}()
#15 C:\\Users\\onurb\\code_batcave\\php-laravel-docker-snake-game\\vendor\\laravel\\framework\\src\\Illuminate\\Pipeline\\Pipeline.php(104): Illuminate\\Routing\\Pipeline->Illuminate\\Routing\\{closure}()
#16 C:\\Users\\onurb\\code_batcave\\php-laravel-docker-snake-game\\vendor\\laravel\\framework\\src\\Illuminate\\Routing\\Router.php(682): Illuminate\\Pipeline\\Pipeline->then()
#17 C:\\Users\\onurb\\code_batcave\\php-laravel-docker-snake-game\\vendor\\laravel\\framework\\src\\Illuminate\\Routing\\Router.php(657): Illuminate\\Routing\\Router->runRouteWithinStack()
#18 C:\\Users\\onurb\\code_batcave\\php-laravel-docker-snake-game\\vendor\\laravel\\framework\\src\\Illuminate\\Routing\\Router.php(623): Illuminate\\Routing\\Router->runRoute()
#19 C:\\Users\\onurb\\code_batcave\\php-laravel-docker-snake-game\\vendor\\laravel\\framework\\src\\Illuminate\\Routing\\Router.php(612): Illuminate\\Routing\\Router->dispatchToRoute()
#20 C:\\Users\\onurb\\code_batcave\\php-laravel-docker-snake-game\\vendor\\laravel\\framework\\src\\Illuminate\\Foundation\\Http\\Kernel.php(176): Illuminate\\Routing\\Router->dispatch()
#21 C:\\Users\\onurb\\code_batcave\\php-laravel-docker-snake-game\\vendor\\laravel\\framework\\src\\Illuminate\\Routing\\Pipeline.php(30): Illuminate\\Foundation\\Http\\Kernel->Illuminate\\Foundation\\Http\\{closure}()
#22 C:\\Users\\onurb\\code_batcave\\php-laravel-docker-snake-game\\vendor\\fideloper\\proxy\\src\\TrustProxies.php(57): Illuminate\\Routing\\Pipeline->Illuminate\\Routing\\{closure}()
#23 C:\\Users\\onurb\\code_batcave\\php-laravel-docker-snake-game\\vendor\\laravel\\framework\\src\\Illuminate\\Pipeline\\Pipeline.php(163): Fideloper\\Proxy\\TrustProxies->handle()
#24 C:\\Users\\onurb\\code_batcave\\php-laravel-docker-snake-game\\vendor\\laravel\\framework\\src\\Illuminate\\Routing\\Pipeline.php(53): Illuminate\\Pipeline\\Pipeline->Illuminate\\Pipeline\\{closure}()
#25 C:\\Users\\onurb\\code_batcave\\php-laravel-docker-snake-game\\vendor\\laravel\\framework\\src\\Illuminate\\Foundation\\Http\\Middleware\\TransformsRequest.php(21): Illuminate\\Routing\\Pipeline->Illuminate\\Routing\\{closure}()
#26 C:\\Users\\onurb\\code_batcave\\php-laravel-docker-snake-game\\vendor\\laravel\\framework\\src\\Illuminate\\Pipeline\\Pipeline.php(163): Illuminate\\Foundation\\Http\\Middleware\\TransformsRequest->handle()
#27 C:\\Users\\onurb\\code_batcave\\php-laravel-docker-snake-game\\vendor\\laravel\\framework\\src\\Illuminate\\Routing\\Pipeline.php(53): Illuminate\\Pipeline\\Pipeline->Illuminate\\Pipeline\\{closure}()
#28 C:\\Users\\onurb\\code_batcave\\php-laravel-docker-snake-game\\vendor\\laravel\\framework\\src\\Illuminate\\Foundation\\Http\\Middleware\\TransformsRequest.php(21): Illuminate\\Routing\\Pipeline->Illuminate\\Routing\\{closure}()
#29 C:\\Users\\onurb\\code_batcave\\php-laravel-docker-snake-game\\vendor\\laravel\\framework\\src\\Illuminate\\Pipeline\\Pipeline.php(163): Illuminate\\Foundation\\Http\\Middleware\\TransformsRequest->handle()
#30 C:\\Users\\onurb\\code_batcave\\php-laravel-docker-snake-game\\vendor\\laravel\\framework\\src\\Illuminate\\Routing\\Pipeline.php(53): Illuminate\\Pipeline\\Pipeline->Illuminate\\Pipeline\\{closure}()
#31 C:\\Users\\onurb\\code_batcave\\php-laravel-docker-snake-game\\vendor\\laravel\\framework\\src\\Illuminate\\Foundation\\Http\\Middleware\\ValidatePostSize.php(27): Illuminate\\Routing\\Pipeline->Illuminate\\Routing\\{closure}()
#32 C:\\Users\\onurb\\code_batcave\\php-laravel-docker-snake-game\\vendor\\laravel\\framework\\src\\Illuminate\\Pipeline\\Pipeline.php(163): Illuminate\\Foundation\\Http\\Middleware\\ValidatePostSize->handle()
#33 C:\\Users\\onurb\\code_batcave\\php-laravel-docker-snake-game\\vendor\\laravel\\framework\\src\\Illuminate\\Routing\\Pipeline.php(53): Illuminate\\Pipeline\\Pipeline->Illuminate\\Pipeline\\{closure}()
#34 C:\\Users\\onurb\\code_batcave\\php-laravel-docker-snake-game\\vendor\\laravel\\framework\\src\\Illuminate\\Foundation\\Http\\Middleware\\CheckForMaintenanceMode.php(62): Illuminate\\Routing\\Pipeline->Illuminate\\Routing\\{closure}()
#35 C:\\Users\\onurb\\code_batcave\\php-laravel-docker-snake-game\\vendor\\laravel\\framework\\src\\Illuminate\\Pipeline\\Pipeline.php(163): Illuminate\\Foundation\\Http\\Middleware\\CheckForMaintenanceMode->handle()
#36 C:\\Users\\onurb\\code_batcave\\php-laravel-docker-snake-game\\vendor\\laravel\\framework\\src\\Illuminate\\Routing\\Pipeline.php(53): Illuminate\\Pipeline\\Pipeline->Illuminate\\Pipeline\\{closure}()
#37 C:\\Users\\onurb\\code_batcave\\php-laravel-docker-snake-game\\vendor\\laravel\\framework\\src\\Illuminate\\Pipeline\\Pipeline.php(104): Illuminate\\Routing\\Pipeline->Illuminate\\Routing\\{closure}()
#38 C:\\Users\\onurb\\code_batcave\\php-laravel-docker-snake-game\\vendor\\laravel\\framework\\src\\Illuminate\\Foundation\\Http\\Kernel.php(151): Illuminate\\Pipeline\\Pipeline->then()
#39 C:\\Users\\onurb\\code_batcave\\php-laravel-docker-snake-game\\vendor\\laravel\\framework\\src\\Illuminate\\Foundation\\Http\\Kernel.php(116): Illuminate\\Foundation\\Http\\Kernel->sendRequestThroughRouter()
#40 C:\\Users\\onurb\\code_batcave\\php-laravel-docker-snake-game\\public\\index.php(55): Illuminate\\Foundation\\Http\\Kernel->handle()
#41 C:\\Users\\onurb\\code_batcave\\php-laravel-docker-snake-game\\server.php(21): require_once('C:\\\\Users\\\\onurb\\\\...')
#42 {main}
"} 
[2023-04-24 00:58:03] production.ERROR: No application encryption key has been specified. {"exception":"[object] (RuntimeException(code: 0): No application encryption key has been specified. at C:\\Users\\onurb\\code_batcave\\php-laravel-docker-snake-game\\vendor\\laravel\\framework\\src\\Illuminate\\Encryption\\EncryptionServiceProvider.php:44)
[stacktrace]
#0 C:\\Users\\onurb\\code_batcave\\php-laravel-docker-snake-game\\vendor\\laravel\\framework\\src\\Illuminate\\Support\\helpers.php(1124): Illuminate\\Encryption\\EncryptionServiceProvider->Illuminate\\Encryption\\{closure}()
#1 C:\\Users\\onurb\\code_batcave\\php-laravel-docker-snake-game\\vendor\\laravel\\framework\\src\\Illuminate\\Encryption\\EncryptionServiceProvider.php(48): tap()
#2 C:\\Users\\onurb\\code_batcave\\php-laravel-docker-snake-game\\vendor\\laravel\\framework\\src\\Illuminate\\Encryption\\EncryptionServiceProvider.php(24): Illuminate\\Encryption\\EncryptionServiceProvider->key()
#3 C:\\Users\\onurb\\code_batcave\\php-laravel-docker-snake-game\\vendor\\laravel\\framework\\src\\Illuminate\\Container\\Container.php(785): Illuminate\\Encryption\\EncryptionServiceProvider->Illuminate\\Encryption\\{closure}()
#4 C:\\Users\\onurb\\code_batcave\\php-laravel-docker-snake-game\\vendor\\laravel\\framework\\src\\Illuminate\\Container\\Container.php(667): Illuminate\\Container\\Container->build()
#5 C:\\Users\\onurb\\code_batcave\\php-laravel-docker-snake-game\\vendor\\laravel\\framework\\src\\Illuminate\\Container\\Container.php(615): Illuminate\\Container\\Container->resolve()
#6 C:\\Users\\onurb\\code_batcave\\php-laravel-docker-snake-game\\vendor\\laravel\\framework\\src\\Illuminate\\Foundation\\Application.php(767): Illuminate\\Container\\Container->make()
#7 C:\\Users\\onurb\\code_batcave\\php-laravel-docker-snake-game\\vendor\\laravel\\framework\\src\\Illuminate\\Container\\Container.php(927): Illuminate\\Foundation\\Application->make()
#8 C:\\Users\\onurb\\code_batcave\\php-laravel-docker-snake-game\\vendor\\laravel\\framework\\src\\Illuminate\\Container\\Container.php(855): Illuminate\\Container\\Container->resolveClass()
#9 C:\\Users\\onurb\\code_batcave\\php-laravel-docker-snake-game\\vendor\\laravel\\framework\\src\\Illuminate\\Container\\Container.php(816): Illuminate\\Container\\Container->resolveDependencies()
#10 C:\\Users\\onurb\\code_batcave\\php-laravel-docker-snake-game\\vendor\\laravel\\framework\\src\\Illuminate\\Container\\Container.php(667): Illuminate\\Container\\Container->build()
#11 C:\\Users\\onurb\\code_batcave\\php-laravel-docker-snake-game\\vendor\\laravel\\framework\\src\\Illuminate\\Container\\Container.php(615): Illuminate\\Container\\Container->resolve()
#12 C:\\Users\\onurb\\code_batcave\\php-laravel-docker-snake-game\\vendor\\laravel\\framework\\src\\Illuminate\\Foundation\\Application.php(767): Illuminate\\Container\\Container->make()
#13 C:\\Users\\onurb\\code_batcave\\php-laravel-docker-snake-game\\vendor\\laravel\\framework\\src\\Illuminate\\Foundation\\Http\\Kernel.php(215): Illuminate\\Foundation\\Application->make()
#14 C:\\Users\\onurb\\code_batcave\\php-laravel-docker-snake-game\\vendor\\laravel\\framework\\src\\Illuminate\\Foundation\\Http\\Kernel.php(189): Illuminate\\Foundation\\Http\\Kernel->terminateMiddleware()
#15 C:\\Users\\onurb\\code_batcave\\php-laravel-docker-snake-game\\public\\index.php(60): Illuminate\\Foundation\\Http\\Kernel->terminate()
#16 C:\\Users\\onurb\\code_batcave\\php-laravel-docker-snake-game\\server.php(21): require_once('C:\\\\Users\\\\onurb\\\\...')
#17 {main}
"} 
[2023-04-24 00:58:23] production.ERROR: file_get_contents(C:\Users\onurb\code_batcave\php-laravel-docker-snake-game\.env): failed to open stream: No such file or directory {"exception":"[object] (ErrorException(code: 0): file_get_contents(C:\\Users\\onurb\\code_batcave\\php-laravel-docker-snake-game\\.env): failed to open stream: No such file or directory at C:\\Users\\onurb\\code_batcave\\php-laravel-docker-snake-game\\vendor\\laravel\\framework\\src\\Illuminate\\Foundation\\Console\\KeyGenerateCommand.php:96)
[stacktrace]
#0 [internal function]: Illuminate\\Foundation\\Bootstrap\\HandleExceptions->handleError()
#1 C:\\Users\\onurb\\code_batcave\\php-laravel-docker-snake-game\\vendor\\laravel\\framework\\src\\Illuminate\\Foundation\\Console\\KeyGenerateCommand.php(96): file_get_contents()
#2 C:\\Users\\onurb\\code_batcave\\php-laravel-docker-snake-game\\vendor\\laravel\\framework\\src\\Illuminate\\Foundation\\Console\\KeyGenerateCommand.php(80): Illuminate\\Foundation\\Console\\KeyGenerateCommand->writeNewEnvironmentFileWith()
#3 C:\\Users\\onurb\\code_batcave\\php-laravel-docker-snake-game\\vendor\\laravel\\framework\\src\\Illuminate\\Foundation\\Console\\KeyGenerateCommand.php(45): Illuminate\\Foundation\\Console\\KeyGenerateCommand->setKeyInEnvironmentFile()
#4 [internal function]: Illuminate\\Foundation\\Console\\KeyGenerateCommand->handle()
#5 C:\\Users\\onurb\\code_batcave\\php-laravel-docker-snake-game\\vendor\\laravel\\framework\\src\\Illuminate\\Container\\BoundMethod.php(32): call_user_func_array()
#6 C:\\Users\\onurb\\code_batcave\\php-laravel-docker-snake-game\\vendor\\laravel\\framework\\src\\Illuminate\\Container\\BoundMethod.php(90): Illuminate\\Container\\BoundMethod::Illuminate\\Container\\{closure}()
#7 C:\\Users\\onurb\\code_batcave\\php-laravel-docker-snake-game\\vendor\\laravel\\framework\\src\\Illuminate\\Container\\BoundMethod.php(34): Illuminate\\Container\\BoundMethod::callBoundMethod()
#8 C:\\Users\\onurb\\code_batcave\\php-laravel-docker-snake-game\\vendor\\laravel\\framework\\src\\Illuminate\\Container\\Container.php(576): Illuminate\\Container\\BoundMethod::call()
#9 C:\\Users\\onurb\\code_batcave\\php-laravel-docker-snake-game\\vendor\\laravel\\framework\\src\\Illuminate\\Console\\Command.php(183): Illuminate\\Container\\Container->call()
#10 C:\\Users\\onurb\\code_batcave\\php-laravel-docker-snake-game\\vendor\\symfony\\console\\Command\\Command.php(255): Illuminate\\Console\\Command->execute()
#11 C:\\Users\\onurb\\code_batcave\\php-laravel-docker-snake-game\\vendor\\laravel\\framework\\src\\Illuminate\\Console\\Command.php(170): Symfony\\Component\\Console\\Command\\Command->run()
#12 C:\\Users\\onurb\\code_batcave\\php-laravel-docker-snake-game\\vendor\\symfony\\console\\Application.php(1021): Illuminate\\Console\\Command->run()
#13 C:\\Users\\onurb\\code_batcave\\php-laravel-docker-snake-game\\vendor\\symfony\\console\\Application.php(275): Symfony\\Component\\Console\\Application->doRunCommand()
#14 C:\\Users\\onurb\\code_batcave\\php-laravel-docker-snake-game\\vendor\\symfony\\console\\Application.php(149): Symfony\\Component\\Console\\Application->doRun()
#15 C:\\Users\\onurb\\code_batcave\\php-laravel-docker-snake-game\\vendor\\laravel\\framework\\src\\Illuminate\\Console\\Application.php(90): Symfony\\Component\\Console\\Application->run()
#16 C:\\Users\\onurb\\code_batcave\\php-laravel-docker-snake-game\\vendor\\laravel\\framework\\src\\Illuminate\\Foundation\\Console\\Kernel.php(133): Illuminate\\Console\\Application->run()
#17 C:\\Users\\onurb\\code_batcave\\php-laravel-docker-snake-game\\artisan(37): Illuminate\\Foundation\\Console\\Kernel->handle()
#18 {main}
"} 
[2023-04-24 00:59:23] production.ERROR: No application encryption key has been specified. {"exception":"[object] (RuntimeException(code: 0): No application encryption key has been specified. at C:\\Users\\onurb\\code_batcave\\php-laravel-docker-snake-game\\vendor\\laravel\\framework\\src\\Illuminate\\Encryption\\EncryptionServiceProvider.php:44)
[stacktrace]
#0 C:\\Users\\onurb\\code_batcave\\php-laravel-docker-snake-game\\vendor\\laravel\\framework\\src\\Illuminate\\Support\\helpers.php(1124): Illuminate\\Encryption\\EncryptionServiceProvider->Illuminate\\Encryption\\{closure}()
#1 C:\\Users\\onurb\\code_batcave\\php-laravel-docker-snake-game\\vendor\\laravel\\framework\\src\\Illuminate\\Encryption\\EncryptionServiceProvider.php(48): tap()
#2 C:\\Users\\onurb\\code_batcave\\php-laravel-docker-snake-game\\vendor\\laravel\\framework\\src\\Illuminate\\Encryption\\EncryptionServiceProvider.php(24): Illuminate\\Encryption\\EncryptionServiceProvider->key()
#3 C:\\Users\\onurb\\code_batcave\\php-laravel-docker-snake-game\\vendor\\laravel\\framework\\src\\Illuminate\\Container\\Container.php(785): Illuminate\\Encryption\\EncryptionServiceProvider->Illuminate\\Encryption\\{closure}()
#4 C:\\Users\\onurb\\code_batcave\\php-laravel-docker-snake-game\\vendor\\laravel\\framework\\src\\Illuminate\\Container\\Container.php(667): Illuminate\\Container\\Container->build()
#5 C:\\Users\\onurb\\code_batcave\\php-laravel-docker-snake-game\\vendor\\laravel\\framework\\src\\Illuminate\\Container\\Container.php(615): Illuminate\\Container\\Container->resolve()
#6 C:\\Users\\onurb\\code_batcave\\php-laravel-docker-snake-game\\vendor\\laravel\\framework\\src\\Illuminate\\Foundation\\Application.php(767): Illuminate\\Container\\Container->make()
#7 C:\\Users\\onurb\\code_batcave\\php-laravel-docker-snake-game\\vendor\\laravel\\framework\\src\\Illuminate\\Container\\Container.php(927): Illuminate\\Foundation\\Application->make()
#8 C:\\Users\\onurb\\code_batcave\\php-laravel-docker-snake-game\\vendor\\laravel\\framework\\src\\Illuminate\\Container\\Container.php(855): Illuminate\\Container\\Container->resolveClass()
#9 C:\\Users\\onurb\\code_batcave\\php-laravel-docker-snake-game\\vendor\\laravel\\framework\\src\\Illuminate\\Container\\Container.php(816): Illuminate\\Container\\Container->resolveDependencies()
#10 C:\\Users\\onurb\\code_batcave\\php-laravel-docker-snake-game\\vendor\\laravel\\framework\\src\\Illuminate\\Container\\Container.php(667): Illuminate\\Container\\Container->build()
#11 C:\\Users\\onurb\\code_batcave\\php-laravel-docker-snake-game\\vendor\\laravel\\framework\\src\\Illuminate\\Container\\Container.php(615): Illuminate\\Container\\Container->resolve()
#12 C:\\Users\\onurb\\code_batcave\\php-laravel-docker-snake-game\\vendor\\laravel\\framework\\src\\Illuminate\\Foundation\\Application.php(767): Illuminate\\Container\\Container->make()
#13 C:\\Users\\onurb\\code_batcave\\php-laravel-docker-snake-game\\vendor\\laravel\\framework\\src\\Illuminate\\Pipeline\\Pipeline.php(152): Illuminate\\Foundation\\Application->make()
#14 C:\\Users\\onurb\\code_batcave\\php-laravel-docker-snake-game\\vendor\\laravel\\framework\\src\\Illuminate\\Routing\\Pipeline.php(53): Illuminate\\Pipeline\\Pipeline->Illuminate\\Pipeline\\{closure}()
#15 C:\\Users\\onurb\\code_batcave\\php-laravel-docker-snake-game\\vendor\\laravel\\framework\\src\\Illuminate\\Pipeline\\Pipeline.php(104): Illuminate\\Routing\\Pipeline->Illuminate\\Routing\\{closure}()
#16 C:\\Users\\onurb\\code_batcave\\php-laravel-docker-snake-game\\vendor\\laravel\\framework\\src\\Illuminate\\Routing\\Router.php(682): Illuminate\\Pipeline\\Pipeline->then()
#17 C:\\Users\\onurb\\code_batcave\\php-laravel-docker-snake-game\\vendor\\laravel\\framework\\src\\Illuminate\\Routing\\Router.php(657): Illuminate\\Routing\\Router->runRouteWithinStack()
#18 C:\\Users\\onurb\\code_batcave\\php-laravel-docker-snake-game\\vendor\\laravel\\framework\\src\\Illuminate\\Routing\\Router.php(623): Illuminate\\Routing\\Router->runRoute()
#19 C:\\Users\\onurb\\code_batcave\\php-laravel-docker-snake-game\\vendor\\laravel\\framework\\src\\Illuminate\\Routing\\Router.php(612): Illuminate\\Routing\\Router->dispatchToRoute()
#20 C:\\Users\\onurb\\code_batcave\\php-laravel-docker-snake-game\\vendor\\laravel\\framework\\src\\Illuminate\\Foundation\\Http\\Kernel.php(176): Illuminate\\Routing\\Router->dispatch()
#21 C:\\Users\\onurb\\code_batcave\\php-laravel-docker-snake-game\\vendor\\laravel\\framework\\src\\Illuminate\\Routing\\Pipeline.php(30): Illuminate\\Foundation\\Http\\Kernel->Illuminate\\Foundation\\Http\\{closure}()
#22 C:\\Users\\onurb\\code_batcave\\php-laravel-docker-snake-game\\vendor\\fideloper\\proxy\\src\\TrustProxies.php(57): Illuminate\\Routing\\Pipeline->Illuminate\\Routing\\{closure}()
#23 C:\\Users\\onurb\\code_batcave\\php-laravel-docker-snake-game\\vendor\\laravel\\framework\\src\\Illuminate\\Pipeline\\Pipeline.php(163): Fideloper\\Proxy\\TrustProxies->handle()
#24 C:\\Users\\onurb\\code_batcave\\php-laravel-docker-snake-game\\vendor\\laravel\\framework\\src\\Illuminate\\Routing\\Pipeline.php(53): Illuminate\\Pipeline\\Pipeline->Illuminate\\Pipeline\\{closure}()
#25 C:\\Users\\onurb\\code_batcave\\php-laravel-docker-snake-game\\vendor\\laravel\\framework\\src\\Illuminate\\Foundation\\Http\\Middleware\\TransformsRequest.php(21): Illuminate\\Routing\\Pipeline->Illuminate\\Routing\\{closure}()
#26 C:\\Users\\onurb\\code_batcave\\php-laravel-docker-snake-game\\vendor\\laravel\\framework\\src\\Illuminate\\Pipeline\\Pipeline.php(163): Illuminate\\Foundation\\Http\\Middleware\\TransformsRequest->handle()
#27 C:\\Users\\onurb\\code_batcave\\php-laravel-docker-snake-game\\vendor\\laravel\\framework\\src\\Illuminate\\Routing\\Pipeline.php(53): Illuminate\\Pipeline\\Pipeline->Illuminate\\Pipeline\\{closure}()
#28 C:\\Users\\onurb\\code_batcave\\php-laravel-docker-snake-game\\vendor\\laravel\\framework\\src\\Illuminate\\Foundation\\Http\\Middleware\\TransformsRequest.php(21): Illuminate\\Routing\\Pipeline->Illuminate\\Routing\\{closure}()
#29 C:\\Users\\onurb\\code_batcave\\php-laravel-docker-snake-game\\vendor\\laravel\\framework\\src\\Illuminate\\Pipeline\\Pipeline.php(163): Illuminate\\Foundation\\Http\\Middleware\\TransformsRequest->handle()
#30 C:\\Users\\onurb\\code_batcave\\php-laravel-docker-snake-game\\vendor\\laravel\\framework\\src\\Illuminate\\Routing\\Pipeline.php(53): Illuminate\\Pipeline\\Pipeline->Illuminate\\Pipeline\\{closure}()
#31 C:\\Users\\onurb\\code_batcave\\php-laravel-docker-snake-game\\vendor\\laravel\\framework\\src\\Illuminate\\Foundation\\Http\\Middleware\\ValidatePostSize.php(27): Illuminate\\Routing\\Pipeline->Illuminate\\Routing\\{closure}()
#32 C:\\Users\\onurb\\code_batcave\\php-laravel-docker-snake-game\\vendor\\laravel\\framework\\src\\Illuminate\\Pipeline\\Pipeline.php(163): Illuminate\\Foundation\\Http\\Middleware\\ValidatePostSize->handle()
#33 C:\\Users\\onurb\\code_batcave\\php-laravel-docker-snake-game\\vendor\\laravel\\framework\\src\\Illuminate\\Routing\\Pipeline.php(53): Illuminate\\Pipeline\\Pipeline->Illuminate\\Pipeline\\{closure}()
#34 C:\\Users\\onurb\\code_batcave\\php-laravel-docker-snake-game\\vendor\\laravel\\framework\\src\\Illuminate\\Foundation\\Http\\Middleware\\CheckForMaintenanceMode.php(62): Illuminate\\Routing\\Pipeline->Illuminate\\Routing\\{closure}()
#35 C:\\Users\\onurb\\code_batcave\\php-laravel-docker-snake-game\\vendor\\laravel\\framework\\src\\Illuminate\\Pipeline\\Pipeline.php(163): Illuminate\\Foundation\\Http\\Middleware\\CheckForMaintenanceMode->handle()
#36 C:\\Users\\onurb\\code_batcave\\php-laravel-docker-snake-game\\vendor\\laravel\\framework\\src\\Illuminate\\Routing\\Pipeline.php(53): Illuminate\\Pipeline\\Pipeline->Illuminate\\Pipeline\\{closure}()
#37 C:\\Users\\onurb\\code_batcave\\php-laravel-docker-snake-game\\vendor\\laravel\\framework\\src\\Illuminate\\Pipeline\\Pipeline.php(104): Illuminate\\Routing\\Pipeline->Illuminate\\Routing\\{closure}()
#38 C:\\Users\\onurb\\code_batcave\\php-laravel-docker-snake-game\\vendor\\laravel\\framework\\src\\Illuminate\\Foundation\\Http\\Kernel.php(151): Illuminate\\Pipeline\\Pipeline->then()
#39 C:\\Users\\onurb\\code_batcave\\php-laravel-docker-snake-game\\vendor\\laravel\\framework\\src\\Illuminate\\Foundation\\Http\\Kernel.php(116): Illuminate\\Foundation\\Http\\Kernel->sendRequestThroughRouter()
#40 C:\\Users\\onurb\\code_batcave\\php-laravel-docker-snake-game\\public\\index.php(55): Illuminate\\Foundation\\Http\\Kernel->handle()
#41 C:\\Users\\onurb\\code_batcave\\php-laravel-docker-snake-game\\server.php(21): require_once('C:\\\\Users\\\\onurb\\\\...')
#42 {main}
"} 
[2023-04-24 00:59:23] production.ERROR: No application encryption key has been specified. {"exception":"[object] (RuntimeException(code: 0): No application encryption key has been specified. at C:\\Users\\onurb\\code_batcave\\php-laravel-docker-snake-game\\vendor\\laravel\\framework\\src\\Illuminate\\Encryption\\EncryptionServiceProvider.php:44)
[stacktrace]
#0 C:\\Users\\onurb\\code_batcave\\php-laravel-docker-snake-game\\vendor\\laravel\\framework\\src\\Illuminate\\Support\\helpers.php(1124): Illuminate\\Encryption\\EncryptionServiceProvider->Illuminate\\Encryption\\{closure}()
#1 C:\\Users\\onurb\\code_batcave\\php-laravel-docker-snake-game\\vendor\\laravel\\framework\\src\\Illuminate\\Encryption\\EncryptionServiceProvider.php(48): tap()
#2 C:\\Users\\onurb\\code_batcave\\php-laravel-docker-snake-game\\vendor\\laravel\\framework\\src\\Illuminate\\Encryption\\EncryptionServiceProvider.php(24): Illuminate\\Encryption\\EncryptionServiceProvider->key()
#3 C:\\Users\\onurb\\code_batcave\\php-laravel-docker-snake-game\\vendor\\laravel\\framework\\src\\Illuminate\\Container\\Container.php(785): Illuminate\\Encryption\\EncryptionServiceProvider->Illuminate\\Encryption\\{closure}()
#4 C:\\Users\\onurb\\code_batcave\\php-laravel-docker-snake-game\\vendor\\laravel\\framework\\src\\Illuminate\\Container\\Container.php(667): Illuminate\\Container\\Container->build()
#5 C:\\Users\\onurb\\code_batcave\\php-laravel-docker-snake-game\\vendor\\laravel\\framework\\src\\Illuminate\\Container\\Container.php(615): Illuminate\\Container\\Container->resolve()
#6 C:\\Users\\onurb\\code_batcave\\php-laravel-docker-snake-game\\vendor\\laravel\\framework\\src\\Illuminate\\Foundation\\Application.php(767): Illuminate\\Container\\Container->make()
#7 C:\\Users\\onurb\\code_batcave\\php-laravel-docker-snake-game\\vendor\\laravel\\framework\\src\\Illuminate\\Container\\Container.php(927): Illuminate\\Foundation\\Application->make()
#8 C:\\Users\\onurb\\code_batcave\\php-laravel-docker-snake-game\\vendor\\laravel\\framework\\src\\Illuminate\\Container\\Container.php(855): Illuminate\\Container\\Container->resolveClass()
#9 C:\\Users\\onurb\\code_batcave\\php-laravel-docker-snake-game\\vendor\\laravel\\framework\\src\\Illuminate\\Container\\Container.php(816): Illuminate\\Container\\Container->resolveDependencies()
#10 C:\\Users\\onurb\\code_batcave\\php-laravel-docker-snake-game\\vendor\\laravel\\framework\\src\\Illuminate\\Container\\Container.php(667): Illuminate\\Container\\Container->build()
#11 C:\\Users\\onurb\\code_batcave\\php-laravel-docker-snake-game\\vendor\\laravel\\framework\\src\\Illuminate\\Container\\Container.php(615): Illuminate\\Container\\Container->resolve()
#12 C:\\Users\\onurb\\code_batcave\\php-laravel-docker-snake-game\\vendor\\laravel\\framework\\src\\Illuminate\\Foundation\\Application.php(767): Illuminate\\Container\\Container->make()
#13 C:\\Users\\onurb\\code_batcave\\php-laravel-docker-snake-game\\vendor\\laravel\\framework\\src\\Illuminate\\Foundation\\Http\\Kernel.php(215): Illuminate\\Foundation\\Application->make()
#14 C:\\Users\\onurb\\code_batcave\\php-laravel-docker-snake-game\\vendor\\laravel\\framework\\src\\Illuminate\\Foundation\\Http\\Kernel.php(189): Illuminate\\Foundation\\Http\\Kernel->terminateMiddleware()
#15 C:\\Users\\onurb\\code_batcave\\php-laravel-docker-snake-game\\public\\index.php(60): Illuminate\\Foundation\\Http\\Kernel->terminate()
#16 C:\\Users\\onurb\\code_batcave\\php-laravel-docker-snake-game\\server.php(21): require_once('C:\\\\Users\\\\onurb\\\\...')
#17 {main}
"} 
[2023-04-24 01:00:17] production.ERROR: No application encryption key has been specified. {"exception":"[object] (RuntimeException(code: 0): No application encryption key has been specified. at C:\\Users\\onurb\\code_batcave\\php-laravel-docker-snake-game\\vendor\\laravel\\framework\\src\\Illuminate\\Encryption\\EncryptionServiceProvider.php:44)
[stacktrace]
#0 C:\\Users\\onurb\\code_batcave\\php-laravel-docker-snake-game\\vendor\\laravel\\framework\\src\\Illuminate\\Support\\helpers.php(1124): Illuminate\\Encryption\\EncryptionServiceProvider->Illuminate\\Encryption\\{closure}()
#1 C:\\Users\\onurb\\code_batcave\\php-laravel-docker-snake-game\\vendor\\laravel\\framework\\src\\Illuminate\\Encryption\\EncryptionServiceProvider.php(48): tap()
#2 C:\\Users\\onurb\\code_batcave\\php-laravel-docker-snake-game\\vendor\\laravel\\framework\\src\\Illuminate\\Encryption\\EncryptionServiceProvider.php(24): Illuminate\\Encryption\\EncryptionServiceProvider->key()
#3 C:\\Users\\onurb\\code_batcave\\php-laravel-docker-snake-game\\vendor\\laravel\\framework\\src\\Illuminate\\Container\\Container.php(785): Illuminate\\Encryption\\EncryptionServiceProvider->Illuminate\\Encryption\\{closure}()
#4 C:\\Users\\onurb\\code_batcave\\php-laravel-docker-snake-game\\vendor\\laravel\\framework\\src\\Illuminate\\Container\\Container.php(667): Illuminate\\Container\\Container->build()
#5 C:\\Users\\onurb\\code_batcave\\php-laravel-docker-snake-game\\vendor\\laravel\\framework\\src\\Illuminate\\Container\\Container.php(615): Illuminate\\Container\\Container->resolve()
#6 C:\\Users\\onurb\\code_batcave\\php-laravel-docker-snake-game\\vendor\\laravel\\framework\\src\\Illuminate\\Foundation\\Application.php(767): Illuminate\\Container\\Container->make()
#7 C:\\Users\\onurb\\code_batcave\\php-laravel-docker-snake-game\\vendor\\laravel\\framework\\src\\Illuminate\\Container\\Container.php(927): Illuminate\\Foundation\\Application->make()
#8 C:\\Users\\onurb\\code_batcave\\php-laravel-docker-snake-game\\vendor\\laravel\\framework\\src\\Illuminate\\Container\\Container.php(855): Illuminate\\Container\\Container->resolveClass()
#9 C:\\Users\\onurb\\code_batcave\\php-laravel-docker-snake-game\\vendor\\laravel\\framework\\src\\Illuminate\\Container\\Container.php(816): Illuminate\\Container\\Container->resolveDependencies()
#10 C:\\Users\\onurb\\code_batcave\\php-laravel-docker-snake-game\\vendor\\laravel\\framework\\src\\Illuminate\\Container\\Container.php(667): Illuminate\\Container\\Container->build()
#11 C:\\Users\\onurb\\code_batcave\\php-laravel-docker-snake-game\\vendor\\laravel\\framework\\src\\Illuminate\\Container\\Container.php(615): Illuminate\\Container\\Container->resolve()
#12 C:\\Users\\onurb\\code_batcave\\php-laravel-docker-snake-game\\vendor\\laravel\\framework\\src\\Illuminate\\Foundation\\Application.php(767): Illuminate\\Container\\Container->make()
#13 C:\\Users\\onurb\\code_batcave\\php-laravel-docker-snake-game\\vendor\\laravel\\framework\\src\\Illuminate\\Pipeline\\Pipeline.php(152): Illuminate\\Foundation\\Application->make()
#14 C:\\Users\\onurb\\code_batcave\\php-laravel-docker-snake-game\\vendor\\laravel\\framework\\src\\Illuminate\\Routing\\Pipeline.php(53): Illuminate\\Pipeline\\Pipeline->Illuminate\\Pipeline\\{closure}()
#15 C:\\Users\\onurb\\code_batcave\\php-laravel-docker-snake-game\\vendor\\laravel\\framework\\src\\Illuminate\\Pipeline\\Pipeline.php(104): Illuminate\\Routing\\Pipeline->Illuminate\\Routing\\{closure}()
#16 C:\\Users\\onurb\\code_batcave\\php-laravel-docker-snake-game\\vendor\\laravel\\framework\\src\\Illuminate\\Routing\\Router.php(682): Illuminate\\Pipeline\\Pipeline->then()
#17 C:\\Users\\onurb\\code_batcave\\php-laravel-docker-snake-game\\vendor\\laravel\\framework\\src\\Illuminate\\Routing\\Router.php(657): Illuminate\\Routing\\Router->runRouteWithinStack()
#18 C:\\Users\\onurb\\code_batcave\\php-laravel-docker-snake-game\\vendor\\laravel\\framework\\src\\Illuminate\\Routing\\Router.php(623): Illuminate\\Routing\\Router->runRoute()
#19 C:\\Users\\onurb\\code_batcave\\php-laravel-docker-snake-game\\vendor\\laravel\\framework\\src\\Illuminate\\Routing\\Router.php(612): Illuminate\\Routing\\Router->dispatchToRoute()
#20 C:\\Users\\onurb\\code_batcave\\php-laravel-docker-snake-game\\vendor\\laravel\\framework\\src\\Illuminate\\Foundation\\Http\\Kernel.php(176): Illuminate\\Routing\\Router->dispatch()
#21 C:\\Users\\onurb\\code_batcave\\php-laravel-docker-snake-game\\vendor\\laravel\\framework\\src\\Illuminate\\Routing\\Pipeline.php(30): Illuminate\\Foundation\\Http\\Kernel->Illuminate\\Foundation\\Http\\{closure}()
#22 C:\\Users\\onurb\\code_batcave\\php-laravel-docker-snake-game\\vendor\\fideloper\\proxy\\src\\TrustProxies.php(57): Illuminate\\Routing\\Pipeline->Illuminate\\Routing\\{closure}()
#23 C:\\Users\\onurb\\code_batcave\\php-laravel-docker-snake-game\\vendor\\laravel\\framework\\src\\Illuminate\\Pipeline\\Pipeline.php(163): Fideloper\\Proxy\\TrustProxies->handle()
#24 C:\\Users\\onurb\\code_batcave\\php-laravel-docker-snake-game\\vendor\\laravel\\framework\\src\\Illuminate\\Routing\\Pipeline.php(53): Illuminate\\Pipeline\\Pipeline->Illuminate\\Pipeline\\{closure}()
#25 C:\\Users\\onurb\\code_batcave\\php-laravel-docker-snake-game\\vendor\\laravel\\framework\\src\\Illuminate\\Foundation\\Http\\Middleware\\TransformsRequest.php(21): Illuminate\\Routing\\Pipeline->Illuminate\\Routing\\{closure}()
#26 C:\\Users\\onurb\\code_batcave\\php-laravel-docker-snake-game\\vendor\\laravel\\framework\\src\\Illuminate\\Pipeline\\Pipeline.php(163): Illuminate\\Foundation\\Http\\Middleware\\TransformsRequest->handle()
#27 C:\\Users\\onurb\\code_batcave\\php-laravel-docker-snake-game\\vendor\\laravel\\framework\\src\\Illuminate\\Routing\\Pipeline.php(53): Illuminate\\Pipeline\\Pipeline->Illuminate\\Pipeline\\{closure}()
#28 C:\\Users\\onurb\\code_batcave\\php-laravel-docker-snake-game\\vendor\\laravel\\framework\\src\\Illuminate\\Foundation\\Http\\Middleware\\TransformsRequest.php(21): Illuminate\\Routing\\Pipeline->Illuminate\\Routing\\{closure}()
#29 C:\\Users\\onurb\\code_batcave\\php-laravel-docker-snake-game\\vendor\\laravel\\framework\\src\\Illuminate\\Pipeline\\Pipeline.php(163): Illuminate\\Foundation\\Http\\Middleware\\TransformsRequest->handle()
#30 C:\\Users\\onurb\\code_batcave\\php-laravel-docker-snake-game\\vendor\\laravel\\framework\\src\\Illuminate\\Routing\\Pipeline.php(53): Illuminate\\Pipeline\\Pipeline->Illuminate\\Pipeline\\{closure}()
#31 C:\\Users\\onurb\\code_batcave\\php-laravel-docker-snake-game\\vendor\\laravel\\framework\\src\\Illuminate\\Foundation\\Http\\Middleware\\ValidatePostSize.php(27): Illuminate\\Routing\\Pipeline->Illuminate\\Routing\\{closure}()
#32 C:\\Users\\onurb\\code_batcave\\php-laravel-docker-snake-game\\vendor\\laravel\\framework\\src\\Illuminate\\Pipeline\\Pipeline.php(163): Illuminate\\Foundation\\Http\\Middleware\\ValidatePostSize->handle()
#33 C:\\Users\\onurb\\code_batcave\\php-laravel-docker-snake-game\\vendor\\laravel\\framework\\src\\Illuminate\\Routing\\Pipeline.php(53): Illuminate\\Pipeline\\Pipeline->Illuminate\\Pipeline\\{closure}()
#34 C:\\Users\\onurb\\code_batcave\\php-laravel-docker-snake-game\\vendor\\laravel\\framework\\src\\Illuminate\\Foundation\\Http\\Middleware\\CheckForMaintenanceMode.php(62): Illuminate\\Routing\\Pipeline->Illuminate\\Routing\\{closure}()
#35 C:\\Users\\onurb\\code_batcave\\php-laravel-docker-snake-game\\vendor\\laravel\\framework\\src\\Illuminate\\Pipeline\\Pipeline.php(163): Illuminate\\Foundation\\Http\\Middleware\\CheckForMaintenanceMode->handle()
#36 C:\\Users\\onurb\\code_batcave\\php-laravel-docker-snake-game\\vendor\\laravel\\framework\\src\\Illuminate\\Routing\\Pipeline.php(53): Illuminate\\Pipeline\\Pipeline->Illuminate\\Pipeline\\{closure}()
#37 C:\\Users\\onurb\\code_batcave\\php-laravel-docker-snake-game\\vendor\\laravel\\framework\\src\\Illuminate\\Pipeline\\Pipeline.php(104): Illuminate\\Routing\\Pipeline->Illuminate\\Routing\\{closure}()
#38 C:\\Users\\onurb\\code_batcave\\php-laravel-docker-snake-game\\vendor\\laravel\\framework\\src\\Illuminate\\Foundation\\Http\\Kernel.php(151): Illuminate\\Pipeline\\Pipeline->then()
#39 C:\\Users\\onurb\\code_batcave\\php-laravel-docker-snake-game\\vendor\\laravel\\framework\\src\\Illuminate\\Foundation\\Http\\Kernel.php(116): Illuminate\\Foundation\\Http\\Kernel->sendRequestThroughRouter()
#40 C:\\Users\\onurb\\code_batcave\\php-laravel-docker-snake-game\\public\\index.php(55): Illuminate\\Foundation\\Http\\Kernel->handle()
#41 C:\\Users\\onurb\\code_batcave\\php-laravel-docker-snake-game\\server.php(21): require_once('C:\\\\Users\\\\onurb\\\\...')
#42 {main}
"} 
[2023-04-24 01:00:17] production.ERROR: No application encryption key has been specified. {"exception":"[object] (RuntimeException(code: 0): No application encryption key has been specified. at C:\\Users\\onurb\\code_batcave\\php-laravel-docker-snake-game\\vendor\\laravel\\framework\\src\\Illuminate\\Encryption\\EncryptionServiceProvider.php:44)
[stacktrace]
#0 C:\\Users\\onurb\\code_batcave\\php-laravel-docker-snake-game\\vendor\\laravel\\framework\\src\\Illuminate\\Support\\helpers.php(1124): Illuminate\\Encryption\\EncryptionServiceProvider->Illuminate\\Encryption\\{closure}()
#1 C:\\Users\\onurb\\code_batcave\\php-laravel-docker-snake-game\\vendor\\laravel\\framework\\src\\Illuminate\\Encryption\\EncryptionServiceProvider.php(48): tap()
#2 C:\\Users\\onurb\\code_batcave\\php-laravel-docker-snake-game\\vendor\\laravel\\framework\\src\\Illuminate\\Encryption\\EncryptionServiceProvider.php(24): Illuminate\\Encryption\\EncryptionServiceProvider->key()
#3 C:\\Users\\onurb\\code_batcave\\php-laravel-docker-snake-game\\vendor\\laravel\\framework\\src\\Illuminate\\Container\\Container.php(785): Illuminate\\Encryption\\EncryptionServiceProvider->Illuminate\\Encryption\\{closure}()
#4 C:\\Users\\onurb\\code_batcave\\php-laravel-docker-snake-game\\vendor\\laravel\\framework\\src\\Illuminate\\Container\\Container.php(667): Illuminate\\Container\\Container->build()
#5 C:\\Users\\onurb\\code_batcave\\php-laravel-docker-snake-game\\vendor\\laravel\\framework\\src\\Illuminate\\Container\\Container.php(615): Illuminate\\Container\\Container->resolve()
#6 C:\\Users\\onurb\\code_batcave\\php-laravel-docker-snake-game\\vendor\\laravel\\framework\\src\\Illuminate\\Foundation\\Application.php(767): Illuminate\\Container\\Container->make()
#7 C:\\Users\\onurb\\code_batcave\\php-laravel-docker-snake-game\\vendor\\laravel\\framework\\src\\Illuminate\\Container\\Container.php(927): Illuminate\\Foundation\\Application->make()
#8 C:\\Users\\onurb\\code_batcave\\php-laravel-docker-snake-game\\vendor\\laravel\\framework\\src\\Illuminate\\Container\\Container.php(855): Illuminate\\Container\\Container->resolveClass()
#9 C:\\Users\\onurb\\code_batcave\\php-laravel-docker-snake-game\\vendor\\laravel\\framework\\src\\Illuminate\\Container\\Container.php(816): Illuminate\\Container\\Container->resolveDependencies()
#10 C:\\Users\\onurb\\code_batcave\\php-laravel-docker-snake-game\\vendor\\laravel\\framework\\src\\Illuminate\\Container\\Container.php(667): Illuminate\\Container\\Container->build()
#11 C:\\Users\\onurb\\code_batcave\\php-laravel-docker-snake-game\\vendor\\laravel\\framework\\src\\Illuminate\\Container\\Container.php(615): Illuminate\\Container\\Container->resolve()
#12 C:\\Users\\onurb\\code_batcave\\php-laravel-docker-snake-game\\vendor\\laravel\\framework\\src\\Illuminate\\Foundation\\Application.php(767): Illuminate\\Container\\Container->make()
#13 C:\\Users\\onurb\\code_batcave\\php-laravel-docker-snake-game\\vendor\\laravel\\framework\\src\\Illuminate\\Foundation\\Http\\Kernel.php(215): Illuminate\\Foundation\\Application->make()
#14 C:\\Users\\onurb\\code_batcave\\php-laravel-docker-snake-game\\vendor\\laravel\\framework\\src\\Illuminate\\Foundation\\Http\\Kernel.php(189): Illuminate\\Foundation\\Http\\Kernel->terminateMiddleware()
#15 C:\\Users\\onurb\\code_batcave\\php-laravel-docker-snake-game\\public\\index.php(60): Illuminate\\Foundation\\Http\\Kernel->terminate()
#16 C:\\Users\\onurb\\code_batcave\\php-laravel-docker-snake-game\\server.php(21): require_once('C:\\\\Users\\\\onurb\\\\...')
#17 {main}
"} 
[2023-04-24 01:00:33] production.ERROR: No application encryption key has been specified. {"exception":"[object] (RuntimeException(code: 0): No application encryption key has been specified. at C:\\Users\\onurb\\code_batcave\\php-laravel-docker-snake-game\\vendor\\laravel\\framework\\src\\Illuminate\\Encryption\\EncryptionServiceProvider.php:44)
[stacktrace]
#0 C:\\Users\\onurb\\code_batcave\\php-laravel-docker-snake-game\\vendor\\laravel\\framework\\src\\Illuminate\\Support\\helpers.php(1124): Illuminate\\Encryption\\EncryptionServiceProvider->Illuminate\\Encryption\\{closure}()
#1 C:\\Users\\onurb\\code_batcave\\php-laravel-docker-snake-game\\vendor\\laravel\\framework\\src\\Illuminate\\Encryption\\EncryptionServiceProvider.php(48): tap()
#2 C:\\Users\\onurb\\code_batcave\\php-laravel-docker-snake-game\\vendor\\laravel\\framework\\src\\Illuminate\\Encryption\\EncryptionServiceProvider.php(24): Illuminate\\Encryption\\EncryptionServiceProvider->key()
#3 C:\\Users\\onurb\\code_batcave\\php-laravel-docker-snake-game\\vendor\\laravel\\framework\\src\\Illuminate\\Container\\Container.php(785): Illuminate\\Encryption\\EncryptionServiceProvider->Illuminate\\Encryption\\{closure}()
#4 C:\\Users\\onurb\\code_batcave\\php-laravel-docker-snake-game\\vendor\\laravel\\framework\\src\\Illuminate\\Container\\Container.php(667): Illuminate\\Container\\Container->build()
#5 C:\\Users\\onurb\\code_batcave\\php-laravel-docker-snake-game\\vendor\\laravel\\framework\\src\\Illuminate\\Container\\Container.php(615): Illuminate\\Container\\Container->resolve()
#6 C:\\Users\\onurb\\code_batcave\\php-laravel-docker-snake-game\\vendor\\laravel\\framework\\src\\Illuminate\\Foundation\\Application.php(767): Illuminate\\Container\\Container->make()
#7 C:\\Users\\onurb\\code_batcave\\php-laravel-docker-snake-game\\vendor\\laravel\\framework\\src\\Illuminate\\Container\\Container.php(927): Illuminate\\Foundation\\Application->make()
#8 C:\\Users\\onurb\\code_batcave\\php-laravel-docker-snake-game\\vendor\\laravel\\framework\\src\\Illuminate\\Container\\Container.php(855): Illuminate\\Container\\Container->resolveClass()
#9 C:\\Users\\onurb\\code_batcave\\php-laravel-docker-snake-game\\vendor\\laravel\\framework\\src\\Illuminate\\Container\\Container.php(816): Illuminate\\Container\\Container->resolveDependencies()
#10 C:\\Users\\onurb\\code_batcave\\php-laravel-docker-snake-game\\vendor\\laravel\\framework\\src\\Illuminate\\Container\\Container.php(667): Illuminate\\Container\\Container->build()
#11 C:\\Users\\onurb\\code_batcave\\php-laravel-docker-snake-game\\vendor\\laravel\\framework\\src\\Illuminate\\Container\\Container.php(615): Illuminate\\Container\\Container->resolve()
#12 C:\\Users\\onurb\\code_batcave\\php-laravel-docker-snake-game\\vendor\\laravel\\framework\\src\\Illuminate\\Foundation\\Application.php(767): Illuminate\\Container\\Container->make()
#13 C:\\Users\\onurb\\code_batcave\\php-laravel-docker-snake-game\\vendor\\laravel\\framework\\src\\Illuminate\\Pipeline\\Pipeline.php(152): Illuminate\\Foundation\\Application->make()
#14 C:\\Users\\onurb\\code_batcave\\php-laravel-docker-snake-game\\vendor\\laravel\\framework\\src\\Illuminate\\Routing\\Pipeline.php(53): Illuminate\\Pipeline\\Pipeline->Illuminate\\Pipeline\\{closure}()
#15 C:\\Users\\onurb\\code_batcave\\php-laravel-docker-snake-game\\vendor\\laravel\\framework\\src\\Illuminate\\Pipeline\\Pipeline.php(104): Illuminate\\Routing\\Pipeline->Illuminate\\Routing\\{closure}()
#16 C:\\Users\\onurb\\code_batcave\\php-laravel-docker-snake-game\\vendor\\laravel\\framework\\src\\Illuminate\\Routing\\Router.php(682): Illuminate\\Pipeline\\Pipeline->then()
#17 C:\\Users\\onurb\\code_batcave\\php-laravel-docker-snake-game\\vendor\\laravel\\framework\\src\\Illuminate\\Routing\\Router.php(657): Illuminate\\Routing\\Router->runRouteWithinStack()
#18 C:\\Users\\onurb\\code_batcave\\php-laravel-docker-snake-game\\vendor\\laravel\\framework\\src\\Illuminate\\Routing\\Router.php(623): Illuminate\\Routing\\Router->runRoute()
#19 C:\\Users\\onurb\\code_batcave\\php-laravel-docker-snake-game\\vendor\\laravel\\framework\\src\\Illuminate\\Routing\\Router.php(612): Illuminate\\Routing\\Router->dispatchToRoute()
#20 C:\\Users\\onurb\\code_batcave\\php-laravel-docker-snake-game\\vendor\\laravel\\framework\\src\\Illuminate\\Foundation\\Http\\Kernel.php(176): Illuminate\\Routing\\Router->dispatch()
#21 C:\\Users\\onurb\\code_batcave\\php-laravel-docker-snake-game\\vendor\\laravel\\framework\\src\\Illuminate\\Routing\\Pipeline.php(30): Illuminate\\Foundation\\Http\\Kernel->Illuminate\\Foundation\\Http\\{closure}()
#22 C:\\Users\\onurb\\code_batcave\\php-laravel-docker-snake-game\\vendor\\fideloper\\proxy\\src\\TrustProxies.php(57): Illuminate\\Routing\\Pipeline->Illuminate\\Routing\\{closure}()
#23 C:\\Users\\onurb\\code_batcave\\php-laravel-docker-snake-game\\vendor\\laravel\\framework\\src\\Illuminate\\Pipeline\\Pipeline.php(163): Fideloper\\Proxy\\TrustProxies->handle()
#24 C:\\Users\\onurb\\code_batcave\\php-laravel-docker-snake-game\\vendor\\laravel\\framework\\src\\Illuminate\\Routing\\Pipeline.php(53): Illuminate\\Pipeline\\Pipeline->Illuminate\\Pipeline\\{closure}()
#25 C:\\Users\\onurb\\code_batcave\\php-laravel-docker-snake-game\\vendor\\laravel\\framework\\src\\Illuminate\\Foundation\\Http\\Middleware\\TransformsRequest.php(21): Illuminate\\Routing\\Pipeline->Illuminate\\Routing\\{closure}()
#26 C:\\Users\\onurb\\code_batcave\\php-laravel-docker-snake-game\\vendor\\laravel\\framework\\src\\Illuminate\\Pipeline\\Pipeline.php(163): Illuminate\\Foundation\\Http\\Middleware\\TransformsRequest->handle()
#27 C:\\Users\\onurb\\code_batcave\\php-laravel-docker-snake-game\\vendor\\laravel\\framework\\src\\Illuminate\\Routing\\Pipeline.php(53): Illuminate\\Pipeline\\Pipeline->Illuminate\\Pipeline\\{closure}()
#28 C:\\Users\\onurb\\code_batcave\\php-laravel-docker-snake-game\\vendor\\laravel\\framework\\src\\Illuminate\\Foundation\\Http\\Middleware\\TransformsRequest.php(21): Illuminate\\Routing\\Pipeline->Illuminate\\Routing\\{closure}()
#29 C:\\Users\\onurb\\code_batcave\\php-laravel-docker-snake-game\\vendor\\laravel\\framework\\src\\Illuminate\\Pipeline\\Pipeline.php(163): Illuminate\\Foundation\\Http\\Middleware\\TransformsRequest->handle()
#30 C:\\Users\\onurb\\code_batcave\\php-laravel-docker-snake-game\\vendor\\laravel\\framework\\src\\Illuminate\\Routing\\Pipeline.php(53): Illuminate\\Pipeline\\Pipeline->Illuminate\\Pipeline\\{closure}()
#31 C:\\Users\\onurb\\code_batcave\\php-laravel-docker-snake-game\\vendor\\laravel\\framework\\src\\Illuminate\\Foundation\\Http\\Middleware\\ValidatePostSize.php(27): Illuminate\\Routing\\Pipeline->Illuminate\\Routing\\{closure}()
#32 C:\\Users\\onurb\\code_batcave\\php-laravel-docker-snake-game\\vendor\\laravel\\framework\\src\\Illuminate\\Pipeline\\Pipeline.php(163): Illuminate\\Foundation\\Http\\Middleware\\ValidatePostSize->handle()
#33 C:\\Users\\onurb\\code_batcave\\php-laravel-docker-snake-game\\vendor\\laravel\\framework\\src\\Illuminate\\Routing\\Pipeline.php(53): Illuminate\\Pipeline\\Pipeline->Illuminate\\Pipeline\\{closure}()
#34 C:\\Users\\onurb\\code_batcave\\php-laravel-docker-snake-game\\vendor\\laravel\\framework\\src\\Illuminate\\Foundation\\Http\\Middleware\\CheckForMaintenanceMode.php(62): Illuminate\\Routing\\Pipeline->Illuminate\\Routing\\{closure}()
#35 C:\\Users\\onurb\\code_batcave\\php-laravel-docker-snake-game\\vendor\\laravel\\framework\\src\\Illuminate\\Pipeline\\Pipeline.php(163): Illuminate\\Foundation\\Http\\Middleware\\CheckForMaintenanceMode->handle()
#36 C:\\Users\\onurb\\code_batcave\\php-laravel-docker-snake-game\\vendor\\laravel\\framework\\src\\Illuminate\\Routing\\Pipeline.php(53): Illuminate\\Pipeline\\Pipeline->Illuminate\\Pipeline\\{closure}()
#37 C:\\Users\\onurb\\code_batcave\\php-laravel-docker-snake-game\\vendor\\laravel\\framework\\src\\Illuminate\\Pipeline\\Pipeline.php(104): Illuminate\\Routing\\Pipeline->Illuminate\\Routing\\{closure}()
#38 C:\\Users\\onurb\\code_batcave\\php-laravel-docker-snake-game\\vendor\\laravel\\framework\\src\\Illuminate\\Foundation\\Http\\Kernel.php(151): Illuminate\\Pipeline\\Pipeline->then()
#39 C:\\Users\\onurb\\code_batcave\\php-laravel-docker-snake-game\\vendor\\laravel\\framework\\src\\Illuminate\\Foundation\\Http\\Kernel.php(116): Illuminate\\Foundation\\Http\\Kernel->sendRequestThroughRouter()
#40 C:\\Users\\onurb\\code_batcave\\php-laravel-docker-snake-game\\public\\index.php(55): Illuminate\\Foundation\\Http\\Kernel->handle()
#41 C:\\Users\\onurb\\code_batcave\\php-laravel-docker-snake-game\\server.php(21): require_once('C:\\\\Users\\\\onurb\\\\...')
#42 {main}
"} 
[2023-04-24 01:00:33] production.ERROR: No application encryption key has been specified. {"exception":"[object] (RuntimeException(code: 0): No application encryption key has been specified. at C:\\Users\\onurb\\code_batcave\\php-laravel-docker-snake-game\\vendor\\laravel\\framework\\src\\Illuminate\\Encryption\\EncryptionServiceProvider.php:44)
[stacktrace]
#0 C:\\Users\\onurb\\code_batcave\\php-laravel-docker-snake-game\\vendor\\laravel\\framework\\src\\Illuminate\\Support\\helpers.php(1124): Illuminate\\Encryption\\EncryptionServiceProvider->Illuminate\\Encryption\\{closure}()
#1 C:\\Users\\onurb\\code_batcave\\php-laravel-docker-snake-game\\vendor\\laravel\\framework\\src\\Illuminate\\Encryption\\EncryptionServiceProvider.php(48): tap()
#2 C:\\Users\\onurb\\code_batcave\\php-laravel-docker-snake-game\\vendor\\laravel\\framework\\src\\Illuminate\\Encryption\\EncryptionServiceProvider.php(24): Illuminate\\Encryption\\EncryptionServiceProvider->key()
#3 C:\\Users\\onurb\\code_batcave\\php-laravel-docker-snake-game\\vendor\\laravel\\framework\\src\\Illuminate\\Container\\Container.php(785): Illuminate\\Encryption\\EncryptionServiceProvider->Illuminate\\Encryption\\{closure}()
#4 C:\\Users\\onurb\\code_batcave\\php-laravel-docker-snake-game\\vendor\\laravel\\framework\\src\\Illuminate\\Container\\Container.php(667): Illuminate\\Container\\Container->build()
#5 C:\\Users\\onurb\\code_batcave\\php-laravel-docker-snake-game\\vendor\\laravel\\framework\\src\\Illuminate\\Container\\Container.php(615): Illuminate\\Container\\Container->resolve()
#6 C:\\Users\\onurb\\code_batcave\\php-laravel-docker-snake-game\\vendor\\laravel\\framework\\src\\Illuminate\\Foundation\\Application.php(767): Illuminate\\Container\\Container->make()
#7 C:\\Users\\onurb\\code_batcave\\php-laravel-docker-snake-game\\vendor\\laravel\\framework\\src\\Illuminate\\Container\\Container.php(927): Illuminate\\Foundation\\Application->make()
#8 C:\\Users\\onurb\\code_batcave\\php-laravel-docker-snake-game\\vendor\\laravel\\framework\\src\\Illuminate\\Container\\Container.php(855): Illuminate\\Container\\Container->resolveClass()
#9 C:\\Users\\onurb\\code_batcave\\php-laravel-docker-snake-game\\vendor\\laravel\\framework\\src\\Illuminate\\Container\\Container.php(816): Illuminate\\Container\\Container->resolveDependencies()
#10 C:\\Users\\onurb\\code_batcave\\php-laravel-docker-snake-game\\vendor\\laravel\\framework\\src\\Illuminate\\Container\\Container.php(667): Illuminate\\Container\\Container->build()
#11 C:\\Users\\onurb\\code_batcave\\php-laravel-docker-snake-game\\vendor\\laravel\\framework\\src\\Illuminate\\Container\\Container.php(615): Illuminate\\Container\\Container->resolve()
#12 C:\\Users\\onurb\\code_batcave\\php-laravel-docker-snake-game\\vendor\\laravel\\framework\\src\\Illuminate\\Foundation\\Application.php(767): Illuminate\\Container\\Container->make()
#13 C:\\Users\\onurb\\code_batcave\\php-laravel-docker-snake-game\\vendor\\laravel\\framework\\src\\Illuminate\\Foundation\\Http\\Kernel.php(215): Illuminate\\Foundation\\Application->make()
#14 C:\\Users\\onurb\\code_batcave\\php-laravel-docker-snake-game\\vendor\\laravel\\framework\\src\\Illuminate\\Foundation\\Http\\Kernel.php(189): Illuminate\\Foundation\\Http\\Kernel->terminateMiddleware()
#15 C:\\Users\\onurb\\code_batcave\\php-laravel-docker-snake-game\\public\\index.php(60): Illuminate\\Foundation\\Http\\Kernel->terminate()
#16 C:\\Users\\onurb\\code_batcave\\php-laravel-docker-snake-game\\server.php(21): require_once('C:\\\\Users\\\\onurb\\\\...')
#17 {main}
"} 
[2023-04-24 01:03:34] production.ERROR: could not find driver (SQL: select * from information_schema.tables where table_schema = forge and table_name = migrations and table_type = 'BASE TABLE') {"exception":"[object] (Illuminate\\Database\\QueryException(code: 0): could not find driver (SQL: select * from information_schema.tables where table_schema = forge and table_name = migrations and table_type = 'BASE TABLE') at C:\\Users\\onurb\\code_batcave\\php-laravel-docker-snake-game\\vendor\\laravel\\framework\\src\\Illuminate\\Database\\Connection.php:664, PDOException(code: 0): could not find driver at C:\\Users\\onurb\\code_batcave\\php-laravel-docker-snake-game\\vendor\\laravel\\framework\\src\\Illuminate\\Database\\Connectors\\Connector.php:70)
[stacktrace]
#0 C:\\Users\\onurb\\code_batcave\\php-laravel-docker-snake-game\\vendor\\laravel\\framework\\src\\Illuminate\\Database\\Connection.php(624): Illuminate\\Database\\Connection->runQueryCallback()
#1 C:\\Users\\onurb\\code_batcave\\php-laravel-docker-snake-game\\vendor\\laravel\\framework\\src\\Illuminate\\Database\\Connection.php(333): Illuminate\\Database\\Connection->run()
#2 C:\\Users\\onurb\\code_batcave\\php-laravel-docker-snake-game\\vendor\\laravel\\framework\\src\\Illuminate\\Database\\Schema\\MySqlBuilder.php(18): Illuminate\\Database\\Connection->select()
#3 C:\\Users\\onurb\\code_batcave\\php-laravel-docker-snake-game\\vendor\\laravel\\framework\\src\\Illuminate\\Database\\Migrations\\DatabaseMigrationRepository.php(169): Illuminate\\Database\\Schema\\MySqlBuilder->hasTable()
#4 C:\\Users\\onurb\\code_batcave\\php-laravel-docker-snake-game\\vendor\\laravel\\framework\\src\\Illuminate\\Database\\Migrations\\Migrator.php(585): Illuminate\\Database\\Migrations\\DatabaseMigrationRepository->repositoryExists()
#5 C:\\Users\\onurb\\code_batcave\\php-laravel-docker-snake-game\\vendor\\laravel\\framework\\src\\Illuminate\\Database\\Console\\Migrations\\MigrateCommand.php(91): Illuminate\\Database\\Migrations\\Migrator->repositoryExists()
#6 C:\\Users\\onurb\\code_batcave\\php-laravel-docker-snake-game\\vendor\\laravel\\framework\\src\\Illuminate\\Database\\Console\\Migrations\\MigrateCommand.php(63): Illuminate\\Database\\Console\\Migrations\\MigrateCommand->prepareDatabase()
#7 [internal function]: Illuminate\\Database\\Console\\Migrations\\MigrateCommand->handle()
#8 C:\\Users\\onurb\\code_batcave\\php-laravel-docker-snake-game\\vendor\\laravel\\framework\\src\\Illuminate\\Container\\BoundMethod.php(32): call_user_func_array()
#9 C:\\Users\\onurb\\code_batcave\\php-laravel-docker-snake-game\\vendor\\laravel\\framework\\src\\Illuminate\\Container\\BoundMethod.php(90): Illuminate\\Container\\BoundMethod::Illuminate\\Container\\{closure}()
#10 C:\\Users\\onurb\\code_batcave\\php-laravel-docker-snake-game\\vendor\\laravel\\framework\\src\\Illuminate\\Container\\BoundMethod.php(34): Illuminate\\Container\\BoundMethod::callBoundMethod()
#11 C:\\Users\\onurb\\code_batcave\\php-laravel-docker-snake-game\\vendor\\laravel\\framework\\src\\Illuminate\\Container\\Container.php(576): Illuminate\\Container\\BoundMethod::call()
#12 C:\\Users\\onurb\\code_batcave\\php-laravel-docker-snake-game\\vendor\\laravel\\framework\\src\\Illuminate\\Console\\Command.php(183): Illuminate\\Container\\Container->call()
#13 C:\\Users\\onurb\\code_batcave\\php-laravel-docker-snake-game\\vendor\\symfony\\console\\Command\\Command.php(255): Illuminate\\Console\\Command->execute()
#14 C:\\Users\\onurb\\code_batcave\\php-laravel-docker-snake-game\\vendor\\laravel\\framework\\src\\Illuminate\\Console\\Command.php(170): Symfony\\Component\\Console\\Command\\Command->run()
#15 C:\\Users\\onurb\\code_batcave\\php-laravel-docker-snake-game\\vendor\\symfony\\console\\Application.php(1021): Illuminate\\Console\\Command->run()
#16 C:\\Users\\onurb\\code_batcave\\php-laravel-docker-snake-game\\vendor\\symfony\\console\\Application.php(275): Symfony\\Component\\Console\\Application->doRunCommand()
#17 C:\\Users\\onurb\\code_batcave\\php-laravel-docker-snake-game\\vendor\\symfony\\console\\Application.php(149): Symfony\\Component\\Console\\Application->doRun()
#18 C:\\Users\\onurb\\code_batcave\\php-laravel-docker-snake-game\\vendor\\laravel\\framework\\src\\Illuminate\\Console\\Application.php(90): Symfony\\Component\\Console\\Application->run()
#19 C:\\Users\\onurb\\code_batcave\\php-laravel-docker-snake-game\\vendor\\laravel\\framework\\src\\Illuminate\\Foundation\\Console\\Kernel.php(133): Illuminate\\Console\\Application->run()
#20 C:\\Users\\onurb\\code_batcave\\php-laravel-docker-snake-game\\artisan(37): Illuminate\\Foundation\\Console\\Kernel->handle()
#21 {main}
"} 
[2023-04-24 01:04:46] production.ERROR: could not find driver (SQL: select * from information_schema.tables where table_schema = forge and table_name = migrations and table_type = 'BASE TABLE') {"exception":"[object] (Illuminate\\Database\\QueryException(code: 0): could not find driver (SQL: select * from information_schema.tables where table_schema = forge and table_name = migrations and table_type = 'BASE TABLE') at C:\\Users\\onurb\\code_batcave\\php-laravel-docker-snake-game\\vendor\\laravel\\framework\\src\\Illuminate\\Database\\Connection.php:664, PDOException(code: 0): could not find driver at C:\\Users\\onurb\\code_batcave\\php-laravel-docker-snake-game\\vendor\\laravel\\framework\\src\\Illuminate\\Database\\Connectors\\Connector.php:70)
[stacktrace]
#0 C:\\Users\\onurb\\code_batcave\\php-laravel-docker-snake-game\\vendor\\laravel\\framework\\src\\Illuminate\\Database\\Connection.php(624): Illuminate\\Database\\Connection->runQueryCallback()
#1 C:\\Users\\onurb\\code_batcave\\php-laravel-docker-snake-game\\vendor\\laravel\\framework\\src\\Illuminate\\Database\\Connection.php(333): Illuminate\\Database\\Connection->run()
#2 C:\\Users\\onurb\\code_batcave\\php-laravel-docker-snake-game\\vendor\\laravel\\framework\\src\\Illuminate\\Database\\Schema\\MySqlBuilder.php(18): Illuminate\\Database\\Connection->select()
#3 C:\\Users\\onurb\\code_batcave\\php-laravel-docker-snake-game\\vendor\\laravel\\framework\\src\\Illuminate\\Database\\Migrations\\DatabaseMigrationRepository.php(169): Illuminate\\Database\\Schema\\MySqlBuilder->hasTable()
#4 C:\\Users\\onurb\\code_batcave\\php-laravel-docker-snake-game\\vendor\\laravel\\framework\\src\\Illuminate\\Database\\Migrations\\Migrator.php(585): Illuminate\\Database\\Migrations\\DatabaseMigrationRepository->repositoryExists()
#5 C:\\Users\\onurb\\code_batcave\\php-laravel-docker-snake-game\\vendor\\laravel\\framework\\src\\Illuminate\\Database\\Console\\Migrations\\MigrateCommand.php(91): Illuminate\\Database\\Migrations\\Migrator->repositoryExists()
#6 C:\\Users\\onurb\\code_batcave\\php-laravel-docker-snake-game\\vendor\\laravel\\framework\\src\\Illuminate\\Database\\Console\\Migrations\\MigrateCommand.php(63): Illuminate\\Database\\Console\\Migrations\\MigrateCommand->prepareDatabase()
#7 [internal function]: Illuminate\\Database\\Console\\Migrations\\MigrateCommand->handle()
#8 C:\\Users\\onurb\\code_batcave\\php-laravel-docker-snake-game\\vendor\\laravel\\framework\\src\\Illuminate\\Container\\BoundMethod.php(32): call_user_func_array()
#9 C:\\Users\\onurb\\code_batcave\\php-laravel-docker-snake-game\\vendor\\laravel\\framework\\src\\Illuminate\\Container\\BoundMethod.php(90): Illuminate\\Container\\BoundMethod::Illuminate\\Container\\{closure}()
#10 C:\\Users\\onurb\\code_batcave\\php-laravel-docker-snake-game\\vendor\\laravel\\framework\\src\\Illuminate\\Container\\BoundMethod.php(34): Illuminate\\Container\\BoundMethod::callBoundMethod()
#11 C:\\Users\\onurb\\code_batcave\\php-laravel-docker-snake-game\\vendor\\laravel\\framework\\src\\Illuminate\\Container\\Container.php(576): Illuminate\\Container\\BoundMethod::call()
#12 C:\\Users\\onurb\\code_batcave\\php-laravel-docker-snake-game\\vendor\\laravel\\framework\\src\\Illuminate\\Console\\Command.php(183): Illuminate\\Container\\Container->call()
#13 C:\\Users\\onurb\\code_batcave\\php-laravel-docker-snake-game\\vendor\\symfony\\console\\Command\\Command.php(255): Illuminate\\Console\\Command->execute()
#14 C:\\Users\\onurb\\code_batcave\\php-laravel-docker-snake-game\\vendor\\laravel\\framework\\src\\Illuminate\\Console\\Command.php(170): Symfony\\Component\\Console\\Command\\Command->run()
#15 C:\\Users\\onurb\\code_batcave\\php-laravel-docker-snake-game\\vendor\\symfony\\console\\Application.php(1021): Illuminate\\Console\\Command->run()
#16 C:\\Users\\onurb\\code_batcave\\php-laravel-docker-snake-game\\vendor\\symfony\\console\\Application.php(275): Symfony\\Component\\Console\\Application->doRunCommand()
#17 C:\\Users\\onurb\\code_batcave\\php-laravel-docker-snake-game\\vendor\\symfony\\console\\Application.php(149): Symfony\\Component\\Console\\Application->doRun()
#18 C:\\Users\\onurb\\code_batcave\\php-laravel-docker-snake-game\\vendor\\laravel\\framework\\src\\Illuminate\\Console\\Application.php(90): Symfony\\Component\\Console\\Application->run()
#19 C:\\Users\\onurb\\code_batcave\\php-laravel-docker-snake-game\\vendor\\laravel\\framework\\src\\Illuminate\\Foundation\\Console\\Kernel.php(133): Illuminate\\Console\\Application->run()
#20 C:\\Users\\onurb\\code_batcave\\php-laravel-docker-snake-game\\artisan(37): Illuminate\\Foundation\\Console\\Kernel->handle()
#21 {main}
"} 
