[2023-05-03 13:19:24] production.ERROR: No application encryption key has been specified. {"exception":"[object] (RuntimeException(code: 0): No application encryption key has been specified. at C:\\Users\\onurb\\code_batcave\\php-laravel-docker-snake-game\\vendor\\laravel\\framework\\src\\Illuminate\\Encryption\\EncryptionServiceProvider.php:44)
[stacktrace]
#0 C:\\Users\\onurb\\code_batcave\\php-laravel-docker-snake-game\\vendor\\laravel\\framework\\src\\Illuminate\\Support\\helpers.php(1124): Illuminate\\Encryption\\EncryptionServiceProvider->Illuminate\\Encryption\\{closure}()
#1 C:\\Users\\onurb\\code_batcave\\php-laravel-docker-snake-game\\vendor\\laravel\\framework\\src\\Illuminate\\Encryption\\EncryptionServiceProvider.php(48): tap()
#2 C:\\Users\\onurb\\code_batcave\\php-laravel-docker-snake-game\\vendor\\laravel\\framework\\src\\Illuminate\\Encryption\\EncryptionServiceProvider.php(24): Illuminate\\Encryption\\EncryptionServiceProvider->key()
#3 C:\\Users\\onurb\\code_batcave\\php-laravel-docker-snake-game\\vendor\\laravel\\framework\\src\\Illuminate\\Container\\Container.php(785): Illuminate\\Encryption\\EncryptionServiceProvider->Illuminate\\Encryption\\{closure}()
#4 C:\\Users\\onurb\\code_batcave\\php-laravel-docker-snake-game\\vendor\\laravel\\framework\\src\\Illuminate\\Container\\Container.php(667): Illuminate\\Container\\Container->build()
#5 C:\\Users\\onurb\\code_batcave\\php-laravel-docker-snake-game\\vendor\\laravel\\framework\\src\\Illuminate\\Container\\Container.php(615): Illuminate\\Container\\Container->resolve()
#6 C:\\Users\\onurb\\code_batcave\\php-laravel-docker-snake-game\\vendor\\laravel\\framework\\src\\Illuminate\\Foundation\\Application.php(767): Illuminate\\Container\\Container->make()
#7 C:\\Users\\onurb\\code_batcave\\php-laravel-docker-snake-game\\vendor\\laravel\\framework\\src\\Illuminate\\Container\\Container.php(927): Illuminate\\Foundation\\Application->make()
#8 C:\\Users\\onurb\\code_batcave\\php-laravel-docker-snake-game\\vendor\\laravel\\framework\\src\\Illuminate\\Container\\Container.php(855): Illuminate\\Container\\Container->resolveClass()
#9 C:\\Users\\onurb\\code_batcave\\php-laravel-docker-snake-game\\vendor\\laravel\\framework\\src\\Illuminate\\Container\\Container.php(816): Illuminate\\Container\\Container->resolveDependencies()
#10 C:\\Users\\onurb\\code_batcave\\php-laravel-docker-snake-game\\vendor\\laravel\\framework\\src\\Illuminate\\Container\\Container.php(667): Illuminate\\Container\\Container->build()
#11 C:\\Users\\onurb\\code_batcave\\php-laravel-docker-snake-game\\vendor\\laravel\\framework\\src\\Illuminate\\Container\\Container.php(615): Illuminate\\Container\\Container->resolve()
#12 C:\\Users\\onurb\\code_batcave\\php-laravel-docker-snake-game\\vendor\\laravel\\framework\\src\\Illuminate\\Foundation\\Application.php(767): Illuminate\\Container\\Container->make()
#13 C:\\Users\\onurb\\code_batcave\\php-laravel-docker-snake-game\\vendor\\laravel\\framework\\src\\Illuminate\\Pipeline\\Pipeline.php(152): Illuminate\\Foundation\\Application->make()
#14 C:\\Users\\onurb\\code_batcave\\php-laravel-docker-snake-game\\vendor\\laravel\\framework\\src\\Illuminate\\Routing\\Pipeline.php(53): Illuminate\\Pipeline\\Pipeline->Illuminate\\Pipeline\\{closure}()
#15 C:\\Users\\onurb\\code_batcave\\php-laravel-docker-snake-game\\vendor\\laravel\\framework\\src\\Illuminate\\Pipeline\\Pipeline.php(104): Illuminate\\Routing\\Pipeline->Illuminate\\Routing\\{closure}()
#16 C:\\Users\\onurb\\code_batcave\\php-laravel-docker-snake-game\\vendor\\laravel\\framework\\src\\Illuminate\\Routing\\Router.php(682): Illuminate\\Pipeline\\Pipeline->then()
#17 C:\\Users\\onurb\\code_batcave\\php-laravel-docker-snake-game\\vendor\\laravel\\framework\\src\\Illuminate\\Routing\\Router.php(657): Illuminate\\Routing\\Router->runRouteWithinStack()
#18 C:\\Users\\onurb\\code_batcave\\php-laravel-docker-snake-game\\vendor\\laravel\\framework\\src\\Illuminate\\Routing\\Router.php(623): Illuminate\\Routing\\Router->runRoute()
#19 C:\\Users\\onurb\\code_batcave\\php-laravel-docker-snake-game\\vendor\\laravel\\framework\\src\\Illuminate\\Routing\\Router.php(612): Illuminate\\Routing\\Router->dispatchToRoute()
#20 C:\\Users\\onurb\\code_batcave\\php-laravel-docker-snake-game\\vendor\\laravel\\framework\\src\\Illuminate\\Foundation\\Http\\Kernel.php(176): Illuminate\\Routing\\Router->dispatch()
#21 C:\\Users\\onurb\\code_batcave\\php-laravel-docker-snake-game\\vendor\\laravel\\framework\\src\\Illuminate\\Routing\\Pipeline.php(30): Illuminate\\Foundation\\Http\\Kernel->Illuminate\\Foundation\\Http\\{closure}()
#22 C:\\Users\\onurb\\code_batcave\\php-laravel-docker-snake-game\\vendor\\fideloper\\proxy\\src\\TrustProxies.php(57): Illuminate\\Routing\\Pipeline->Illuminate\\Routing\\{closure}()
#23 C:\\Users\\onurb\\code_batcave\\php-laravel-docker-snake-game\\vendor\\laravel\\framework\\src\\Illuminate\\Pipeline\\Pipeline.php(163): Fideloper\\Proxy\\TrustProxies->handle()
#24 C:\\Users\\onurb\\code_batcave\\php-laravel-docker-snake-game\\vendor\\laravel\\framework\\src\\Illuminate\\Routing\\Pipeline.php(53): Illuminate\\Pipeline\\Pipeline->Illuminate\\Pipeline\\{closure}()
#25 C:\\Users\\onurb\\code_batcave\\php-laravel-docker-snake-game\\vendor\\laravel\\framework\\src\\Illuminate\\Foundation\\Http\\Middleware\\TransformsRequest.php(21): Illuminate\\Routing\\Pipeline->Illuminate\\Routing\\{closure}()
#26 C:\\Users\\onurb\\code_batcave\\php-laravel-docker-snake-game\\vendor\\laravel\\framework\\src\\Illuminate\\Pipeline\\Pipeline.php(163): Illuminate\\Foundation\\Http\\Middleware\\TransformsRequest->handle()
#27 C:\\Users\\onurb\\code_batcave\\php-laravel-docker-snake-game\\vendor\\laravel\\framework\\src\\Illuminate\\Routing\\Pipeline.php(53): Illuminate\\Pipeline\\Pipeline->Illuminate\\Pipeline\\{closure}()
#28 C:\\Users\\onurb\\code_batcave\\php-laravel-docker-snake-game\\vendor\\laravel\\framework\\src\\Illuminate\\Foundation\\Http\\Middleware\\TransformsRequest.php(21): Illuminate\\Routing\\Pipeline->Illuminate\\Routing\\{closure}()
#29 C:\\Users\\onurb\\code_batcave\\php-laravel-docker-snake-game\\vendor\\laravel\\framework\\src\\Illuminate\\Pipeline\\Pipeline.php(163): Illuminate\\Foundation\\Http\\Middleware\\TransformsRequest->handle()
#30 C:\\Users\\onurb\\code_batcave\\php-laravel-docker-snake-game\\vendor\\laravel\\framework\\src\\Illuminate\\Routing\\Pipeline.php(53): Illuminate\\Pipeline\\Pipeline->Illuminate\\Pipeline\\{closure}()
#31 C:\\Users\\onurb\\code_batcave\\php-laravel-docker-snake-game\\vendor\\laravel\\framework\\src\\Illuminate\\Foundation\\Http\\Middleware\\ValidatePostSize.php(27): Illuminate\\Routing\\Pipeline->Illuminate\\Routing\\{closure}()
#32 C:\\Users\\onurb\\code_batcave\\php-laravel-docker-snake-game\\vendor\\laravel\\framework\\src\\Illuminate\\Pipeline\\Pipeline.php(163): Illuminate\\Foundation\\Http\\Middleware\\ValidatePostSize->handle()
#33 C:\\Users\\onurb\\code_batcave\\php-laravel-docker-snake-game\\vendor\\laravel\\framework\\src\\Illuminate\\Routing\\Pipeline.php(53): Illuminate\\Pipeline\\Pipeline->Illuminate\\Pipeline\\{closure}()
#34 C:\\Users\\onurb\\code_batcave\\php-laravel-docker-snake-game\\vendor\\laravel\\framework\\src\\Illuminate\\Foundation\\Http\\Middleware\\CheckForMaintenanceMode.php(62): Illuminate\\Routing\\Pipeline->Illuminate\\Routing\\{closure}()
#35 C:\\Users\\onurb\\code_batcave\\php-laravel-docker-snake-game\\vendor\\laravel\\framework\\src\\Illuminate\\Pipeline\\Pipeline.php(163): Illuminate\\Foundation\\Http\\Middleware\\CheckForMaintenanceMode->handle()
#36 C:\\Users\\onurb\\code_batcave\\php-laravel-docker-snake-game\\vendor\\laravel\\framework\\src\\Illuminate\\Routing\\Pipeline.php(53): Illuminate\\Pipeline\\Pipeline->Illuminate\\Pipeline\\{closure}()
#37 C:\\Users\\onurb\\code_batcave\\php-laravel-docker-snake-game\\vendor\\laravel\\framework\\src\\Illuminate\\Pipeline\\Pipeline.php(104): Illuminate\\Routing\\Pipeline->Illuminate\\Routing\\{closure}()
#38 C:\\Users\\onurb\\code_batcave\\php-laravel-docker-snake-game\\vendor\\laravel\\framework\\src\\Illuminate\\Foundation\\Http\\Kernel.php(151): Illuminate\\Pipeline\\Pipeline->then()
#39 C:\\Users\\onurb\\code_batcave\\php-laravel-docker-snake-game\\vendor\\laravel\\framework\\src\\Illuminate\\Foundation\\Http\\Kernel.php(116): Illuminate\\Foundation\\Http\\Kernel->sendRequestThroughRouter()
#40 C:\\Users\\onurb\\code_batcave\\php-laravel-docker-snake-game\\public\\index.php(55): Illuminate\\Foundation\\Http\\Kernel->handle()
#41 C:\\Users\\onurb\\code_batcave\\php-laravel-docker-snake-game\\server.php(21): require_once('C:\\\\Users\\\\onurb\\\\...')
#42 {main}
"} 
[2023-05-03 13:19:25] production.ERROR: No application encryption key has been specified. {"exception":"[object] (RuntimeException(code: 0): No application encryption key has been specified. at C:\\Users\\onurb\\code_batcave\\php-laravel-docker-snake-game\\vendor\\laravel\\framework\\src\\Illuminate\\Encryption\\EncryptionServiceProvider.php:44)
[stacktrace]
#0 C:\\Users\\onurb\\code_batcave\\php-laravel-docker-snake-game\\vendor\\laravel\\framework\\src\\Illuminate\\Support\\helpers.php(1124): Illuminate\\Encryption\\EncryptionServiceProvider->Illuminate\\Encryption\\{closure}()
#1 C:\\Users\\onurb\\code_batcave\\php-laravel-docker-snake-game\\vendor\\laravel\\framework\\src\\Illuminate\\Encryption\\EncryptionServiceProvider.php(48): tap()
#2 C:\\Users\\onurb\\code_batcave\\php-laravel-docker-snake-game\\vendor\\laravel\\framework\\src\\Illuminate\\Encryption\\EncryptionServiceProvider.php(24): Illuminate\\Encryption\\EncryptionServiceProvider->key()
#3 C:\\Users\\onurb\\code_batcave\\php-laravel-docker-snake-game\\vendor\\laravel\\framework\\src\\Illuminate\\Container\\Container.php(785): Illuminate\\Encryption\\EncryptionServiceProvider->Illuminate\\Encryption\\{closure}()
#4 C:\\Users\\onurb\\code_batcave\\php-laravel-docker-snake-game\\vendor\\laravel\\framework\\src\\Illuminate\\Container\\Container.php(667): Illuminate\\Container\\Container->build()
#5 C:\\Users\\onurb\\code_batcave\\php-laravel-docker-snake-game\\vendor\\laravel\\framework\\src\\Illuminate\\Container\\Container.php(615): Illuminate\\Container\\Container->resolve()
#6 C:\\Users\\onurb\\code_batcave\\php-laravel-docker-snake-game\\vendor\\laravel\\framework\\src\\Illuminate\\Foundation\\Application.php(767): Illuminate\\Container\\Container->make()
#7 C:\\Users\\onurb\\code_batcave\\php-laravel-docker-snake-game\\vendor\\laravel\\framework\\src\\Illuminate\\Container\\Container.php(927): Illuminate\\Foundation\\Application->make()
#8 C:\\Users\\onurb\\code_batcave\\php-laravel-docker-snake-game\\vendor\\laravel\\framework\\src\\Illuminate\\Container\\Container.php(855): Illuminate\\Container\\Container->resolveClass()
#9 C:\\Users\\onurb\\code_batcave\\php-laravel-docker-snake-game\\vendor\\laravel\\framework\\src\\Illuminate\\Container\\Container.php(816): Illuminate\\Container\\Container->resolveDependencies()
#10 C:\\Users\\onurb\\code_batcave\\php-laravel-docker-snake-game\\vendor\\laravel\\framework\\src\\Illuminate\\Container\\Container.php(667): Illuminate\\Container\\Container->build()
#11 C:\\Users\\onurb\\code_batcave\\php-laravel-docker-snake-game\\vendor\\laravel\\framework\\src\\Illuminate\\Container\\Container.php(615): Illuminate\\Container\\Container->resolve()
#12 C:\\Users\\onurb\\code_batcave\\php-laravel-docker-snake-game\\vendor\\laravel\\framework\\src\\Illuminate\\Foundation\\Application.php(767): Illuminate\\Container\\Container->make()
#13 C:\\Users\\onurb\\code_batcave\\php-laravel-docker-snake-game\\vendor\\laravel\\framework\\src\\Illuminate\\Foundation\\Http\\Kernel.php(215): Illuminate\\Foundation\\Application->make()
#14 C:\\Users\\onurb\\code_batcave\\php-laravel-docker-snake-game\\vendor\\laravel\\framework\\src\\Illuminate\\Foundation\\Http\\Kernel.php(189): Illuminate\\Foundation\\Http\\Kernel->terminateMiddleware()
#15 C:\\Users\\onurb\\code_batcave\\php-laravel-docker-snake-game\\public\\index.php(60): Illuminate\\Foundation\\Http\\Kernel->terminate()
#16 C:\\Users\\onurb\\code_batcave\\php-laravel-docker-snake-game\\server.php(21): require_once('C:\\\\Users\\\\onurb\\\\...')
#17 {main}
"} 
[2023-05-03 13:22:35] production.ERROR: No application encryption key has been specified. {"exception":"[object] (RuntimeException(code: 0): No application encryption key has been specified. at C:\\Users\\onurb\\code_batcave\\php-laravel-docker-snake-game\\vendor\\laravel\\framework\\src\\Illuminate\\Encryption\\EncryptionServiceProvider.php:44)
[stacktrace]
#0 C:\\Users\\onurb\\code_batcave\\php-laravel-docker-snake-game\\vendor\\laravel\\framework\\src\\Illuminate\\Support\\helpers.php(1124): Illuminate\\Encryption\\EncryptionServiceProvider->Illuminate\\Encryption\\{closure}()
#1 C:\\Users\\onurb\\code_batcave\\php-laravel-docker-snake-game\\vendor\\laravel\\framework\\src\\Illuminate\\Encryption\\EncryptionServiceProvider.php(48): tap()
#2 C:\\Users\\onurb\\code_batcave\\php-laravel-docker-snake-game\\vendor\\laravel\\framework\\src\\Illuminate\\Encryption\\EncryptionServiceProvider.php(24): Illuminate\\Encryption\\EncryptionServiceProvider->key()
#3 C:\\Users\\onurb\\code_batcave\\php-laravel-docker-snake-game\\vendor\\laravel\\framework\\src\\Illuminate\\Container\\Container.php(785): Illuminate\\Encryption\\EncryptionServiceProvider->Illuminate\\Encryption\\{closure}()
#4 C:\\Users\\onurb\\code_batcave\\php-laravel-docker-snake-game\\vendor\\laravel\\framework\\src\\Illuminate\\Container\\Container.php(667): Illuminate\\Container\\Container->build()
#5 C:\\Users\\onurb\\code_batcave\\php-laravel-docker-snake-game\\vendor\\laravel\\framework\\src\\Illuminate\\Container\\Container.php(615): Illuminate\\Container\\Container->resolve()
#6 C:\\Users\\onurb\\code_batcave\\php-laravel-docker-snake-game\\vendor\\laravel\\framework\\src\\Illuminate\\Foundation\\Application.php(767): Illuminate\\Container\\Container->make()
#7 C:\\Users\\onurb\\code_batcave\\php-laravel-docker-snake-game\\vendor\\laravel\\framework\\src\\Illuminate\\Container\\Container.php(927): Illuminate\\Foundation\\Application->make()
#8 C:\\Users\\onurb\\code_batcave\\php-laravel-docker-snake-game\\vendor\\laravel\\framework\\src\\Illuminate\\Container\\Container.php(855): Illuminate\\Container\\Container->resolveClass()
#9 C:\\Users\\onurb\\code_batcave\\php-laravel-docker-snake-game\\vendor\\laravel\\framework\\src\\Illuminate\\Container\\Container.php(816): Illuminate\\Container\\Container->resolveDependencies()
#10 C:\\Users\\onurb\\code_batcave\\php-laravel-docker-snake-game\\vendor\\laravel\\framework\\src\\Illuminate\\Container\\Container.php(667): Illuminate\\Container\\Container->build()
#11 C:\\Users\\onurb\\code_batcave\\php-laravel-docker-snake-game\\vendor\\laravel\\framework\\src\\Illuminate\\Container\\Container.php(615): Illuminate\\Container\\Container->resolve()
#12 C:\\Users\\onurb\\code_batcave\\php-laravel-docker-snake-game\\vendor\\laravel\\framework\\src\\Illuminate\\Foundation\\Application.php(767): Illuminate\\Container\\Container->make()
#13 C:\\Users\\onurb\\code_batcave\\php-laravel-docker-snake-game\\vendor\\laravel\\framework\\src\\Illuminate\\Pipeline\\Pipeline.php(152): Illuminate\\Foundation\\Application->make()
#14 C:\\Users\\onurb\\code_batcave\\php-laravel-docker-snake-game\\vendor\\laravel\\framework\\src\\Illuminate\\Routing\\Pipeline.php(53): Illuminate\\Pipeline\\Pipeline->Illuminate\\Pipeline\\{closure}()
#15 C:\\Users\\onurb\\code_batcave\\php-laravel-docker-snake-game\\vendor\\laravel\\framework\\src\\Illuminate\\Pipeline\\Pipeline.php(104): Illuminate\\Routing\\Pipeline->Illuminate\\Routing\\{closure}()
#16 C:\\Users\\onurb\\code_batcave\\php-laravel-docker-snake-game\\vendor\\laravel\\framework\\src\\Illuminate\\Routing\\Router.php(682): Illuminate\\Pipeline\\Pipeline->then()
#17 C:\\Users\\onurb\\code_batcave\\php-laravel-docker-snake-game\\vendor\\laravel\\framework\\src\\Illuminate\\Routing\\Router.php(657): Illuminate\\Routing\\Router->runRouteWithinStack()
#18 C:\\Users\\onurb\\code_batcave\\php-laravel-docker-snake-game\\vendor\\laravel\\framework\\src\\Illuminate\\Routing\\Router.php(623): Illuminate\\Routing\\Router->runRoute()
#19 C:\\Users\\onurb\\code_batcave\\php-laravel-docker-snake-game\\vendor\\laravel\\framework\\src\\Illuminate\\Routing\\Router.php(612): Illuminate\\Routing\\Router->dispatchToRoute()
#20 C:\\Users\\onurb\\code_batcave\\php-laravel-docker-snake-game\\vendor\\laravel\\framework\\src\\Illuminate\\Foundation\\Http\\Kernel.php(176): Illuminate\\Routing\\Router->dispatch()
#21 C:\\Users\\onurb\\code_batcave\\php-laravel-docker-snake-game\\vendor\\laravel\\framework\\src\\Illuminate\\Routing\\Pipeline.php(30): Illuminate\\Foundation\\Http\\Kernel->Illuminate\\Foundation\\Http\\{closure}()
#22 C:\\Users\\onurb\\code_batcave\\php-laravel-docker-snake-game\\vendor\\fideloper\\proxy\\src\\TrustProxies.php(57): Illuminate\\Routing\\Pipeline->Illuminate\\Routing\\{closure}()
#23 C:\\Users\\onurb\\code_batcave\\php-laravel-docker-snake-game\\vendor\\laravel\\framework\\src\\Illuminate\\Pipeline\\Pipeline.php(163): Fideloper\\Proxy\\TrustProxies->handle()
#24 C:\\Users\\onurb\\code_batcave\\php-laravel-docker-snake-game\\vendor\\laravel\\framework\\src\\Illuminate\\Routing\\Pipeline.php(53): Illuminate\\Pipeline\\Pipeline->Illuminate\\Pipeline\\{closure}()
#25 C:\\Users\\onurb\\code_batcave\\php-laravel-docker-snake-game\\vendor\\laravel\\framework\\src\\Illuminate\\Foundation\\Http\\Middleware\\TransformsRequest.php(21): Illuminate\\Routing\\Pipeline->Illuminate\\Routing\\{closure}()
#26 C:\\Users\\onurb\\code_batcave\\php-laravel-docker-snake-game\\vendor\\laravel\\framework\\src\\Illuminate\\Pipeline\\Pipeline.php(163): Illuminate\\Foundation\\Http\\Middleware\\TransformsRequest->handle()
#27 C:\\Users\\onurb\\code_batcave\\php-laravel-docker-snake-game\\vendor\\laravel\\framework\\src\\Illuminate\\Routing\\Pipeline.php(53): Illuminate\\Pipeline\\Pipeline->Illuminate\\Pipeline\\{closure}()
#28 C:\\Users\\onurb\\code_batcave\\php-laravel-docker-snake-game\\vendor\\laravel\\framework\\src\\Illuminate\\Foundation\\Http\\Middleware\\TransformsRequest.php(21): Illuminate\\Routing\\Pipeline->Illuminate\\Routing\\{closure}()
#29 C:\\Users\\onurb\\code_batcave\\php-laravel-docker-snake-game\\vendor\\laravel\\framework\\src\\Illuminate\\Pipeline\\Pipeline.php(163): Illuminate\\Foundation\\Http\\Middleware\\TransformsRequest->handle()
#30 C:\\Users\\onurb\\code_batcave\\php-laravel-docker-snake-game\\vendor\\laravel\\framework\\src\\Illuminate\\Routing\\Pipeline.php(53): Illuminate\\Pipeline\\Pipeline->Illuminate\\Pipeline\\{closure}()
#31 C:\\Users\\onurb\\code_batcave\\php-laravel-docker-snake-game\\vendor\\laravel\\framework\\src\\Illuminate\\Foundation\\Http\\Middleware\\ValidatePostSize.php(27): Illuminate\\Routing\\Pipeline->Illuminate\\Routing\\{closure}()
#32 C:\\Users\\onurb\\code_batcave\\php-laravel-docker-snake-game\\vendor\\laravel\\framework\\src\\Illuminate\\Pipeline\\Pipeline.php(163): Illuminate\\Foundation\\Http\\Middleware\\ValidatePostSize->handle()
#33 C:\\Users\\onurb\\code_batcave\\php-laravel-docker-snake-game\\vendor\\laravel\\framework\\src\\Illuminate\\Routing\\Pipeline.php(53): Illuminate\\Pipeline\\Pipeline->Illuminate\\Pipeline\\{closure}()
#34 C:\\Users\\onurb\\code_batcave\\php-laravel-docker-snake-game\\vendor\\laravel\\framework\\src\\Illuminate\\Foundation\\Http\\Middleware\\CheckForMaintenanceMode.php(62): Illuminate\\Routing\\Pipeline->Illuminate\\Routing\\{closure}()
#35 C:\\Users\\onurb\\code_batcave\\php-laravel-docker-snake-game\\vendor\\laravel\\framework\\src\\Illuminate\\Pipeline\\Pipeline.php(163): Illuminate\\Foundation\\Http\\Middleware\\CheckForMaintenanceMode->handle()
#36 C:\\Users\\onurb\\code_batcave\\php-laravel-docker-snake-game\\vendor\\laravel\\framework\\src\\Illuminate\\Routing\\Pipeline.php(53): Illuminate\\Pipeline\\Pipeline->Illuminate\\Pipeline\\{closure}()
#37 C:\\Users\\onurb\\code_batcave\\php-laravel-docker-snake-game\\vendor\\laravel\\framework\\src\\Illuminate\\Pipeline\\Pipeline.php(104): Illuminate\\Routing\\Pipeline->Illuminate\\Routing\\{closure}()
#38 C:\\Users\\onurb\\code_batcave\\php-laravel-docker-snake-game\\vendor\\laravel\\framework\\src\\Illuminate\\Foundation\\Http\\Kernel.php(151): Illuminate\\Pipeline\\Pipeline->then()
#39 C:\\Users\\onurb\\code_batcave\\php-laravel-docker-snake-game\\vendor\\laravel\\framework\\src\\Illuminate\\Foundation\\Http\\Kernel.php(116): Illuminate\\Foundation\\Http\\Kernel->sendRequestThroughRouter()
#40 C:\\Users\\onurb\\code_batcave\\php-laravel-docker-snake-game\\public\\index.php(55): Illuminate\\Foundation\\Http\\Kernel->handle()
#41 C:\\Users\\onurb\\code_batcave\\php-laravel-docker-snake-game\\server.php(21): require_once('C:\\\\Users\\\\onurb\\\\...')
#42 {main}
"} 
[2023-05-03 13:22:35] production.ERROR: No application encryption key has been specified. {"exception":"[object] (RuntimeException(code: 0): No application encryption key has been specified. at C:\\Users\\onurb\\code_batcave\\php-laravel-docker-snake-game\\vendor\\laravel\\framework\\src\\Illuminate\\Encryption\\EncryptionServiceProvider.php:44)
[stacktrace]
#0 C:\\Users\\onurb\\code_batcave\\php-laravel-docker-snake-game\\vendor\\laravel\\framework\\src\\Illuminate\\Support\\helpers.php(1124): Illuminate\\Encryption\\EncryptionServiceProvider->Illuminate\\Encryption\\{closure}()
#1 C:\\Users\\onurb\\code_batcave\\php-laravel-docker-snake-game\\vendor\\laravel\\framework\\src\\Illuminate\\Encryption\\EncryptionServiceProvider.php(48): tap()
#2 C:\\Users\\onurb\\code_batcave\\php-laravel-docker-snake-game\\vendor\\laravel\\framework\\src\\Illuminate\\Encryption\\EncryptionServiceProvider.php(24): Illuminate\\Encryption\\EncryptionServiceProvider->key()
#3 C:\\Users\\onurb\\code_batcave\\php-laravel-docker-snake-game\\vendor\\laravel\\framework\\src\\Illuminate\\Container\\Container.php(785): Illuminate\\Encryption\\EncryptionServiceProvider->Illuminate\\Encryption\\{closure}()
#4 C:\\Users\\onurb\\code_batcave\\php-laravel-docker-snake-game\\vendor\\laravel\\framework\\src\\Illuminate\\Container\\Container.php(667): Illuminate\\Container\\Container->build()
#5 C:\\Users\\onurb\\code_batcave\\php-laravel-docker-snake-game\\vendor\\laravel\\framework\\src\\Illuminate\\Container\\Container.php(615): Illuminate\\Container\\Container->resolve()
#6 C:\\Users\\onurb\\code_batcave\\php-laravel-docker-snake-game\\vendor\\laravel\\framework\\src\\Illuminate\\Foundation\\Application.php(767): Illuminate\\Container\\Container->make()
#7 C:\\Users\\onurb\\code_batcave\\php-laravel-docker-snake-game\\vendor\\laravel\\framework\\src\\Illuminate\\Container\\Container.php(927): Illuminate\\Foundation\\Application->make()
#8 C:\\Users\\onurb\\code_batcave\\php-laravel-docker-snake-game\\vendor\\laravel\\framework\\src\\Illuminate\\Container\\Container.php(855): Illuminate\\Container\\Container->resolveClass()
#9 C:\\Users\\onurb\\code_batcave\\php-laravel-docker-snake-game\\vendor\\laravel\\framework\\src\\Illuminate\\Container\\Container.php(816): Illuminate\\Container\\Container->resolveDependencies()
#10 C:\\Users\\onurb\\code_batcave\\php-laravel-docker-snake-game\\vendor\\laravel\\framework\\src\\Illuminate\\Container\\Container.php(667): Illuminate\\Container\\Container->build()
#11 C:\\Users\\onurb\\code_batcave\\php-laravel-docker-snake-game\\vendor\\laravel\\framework\\src\\Illuminate\\Container\\Container.php(615): Illuminate\\Container\\Container->resolve()
#12 C:\\Users\\onurb\\code_batcave\\php-laravel-docker-snake-game\\vendor\\laravel\\framework\\src\\Illuminate\\Foundation\\Application.php(767): Illuminate\\Container\\Container->make()
#13 C:\\Users\\onurb\\code_batcave\\php-laravel-docker-snake-game\\vendor\\laravel\\framework\\src\\Illuminate\\Foundation\\Http\\Kernel.php(215): Illuminate\\Foundation\\Application->make()
#14 C:\\Users\\onurb\\code_batcave\\php-laravel-docker-snake-game\\vendor\\laravel\\framework\\src\\Illuminate\\Foundation\\Http\\Kernel.php(189): Illuminate\\Foundation\\Http\\Kernel->terminateMiddleware()
#15 C:\\Users\\onurb\\code_batcave\\php-laravel-docker-snake-game\\public\\index.php(60): Illuminate\\Foundation\\Http\\Kernel->terminate()
#16 C:\\Users\\onurb\\code_batcave\\php-laravel-docker-snake-game\\server.php(21): require_once('C:\\\\Users\\\\onurb\\\\...')
#17 {main}
"} 
[2023-05-03 13:23:58] production.ERROR: No application encryption key has been specified. {"exception":"[object] (RuntimeException(code: 0): No application encryption key has been specified. at C:\\Users\\onurb\\code_batcave\\php-laravel-docker-snake-game\\vendor\\laravel\\framework\\src\\Illuminate\\Encryption\\EncryptionServiceProvider.php:44)
[stacktrace]
#0 C:\\Users\\onurb\\code_batcave\\php-laravel-docker-snake-game\\vendor\\laravel\\framework\\src\\Illuminate\\Support\\helpers.php(1124): Illuminate\\Encryption\\EncryptionServiceProvider->Illuminate\\Encryption\\{closure}()
#1 C:\\Users\\onurb\\code_batcave\\php-laravel-docker-snake-game\\vendor\\laravel\\framework\\src\\Illuminate\\Encryption\\EncryptionServiceProvider.php(48): tap()
#2 C:\\Users\\onurb\\code_batcave\\php-laravel-docker-snake-game\\vendor\\laravel\\framework\\src\\Illuminate\\Encryption\\EncryptionServiceProvider.php(24): Illuminate\\Encryption\\EncryptionServiceProvider->key()
#3 C:\\Users\\onurb\\code_batcave\\php-laravel-docker-snake-game\\vendor\\laravel\\framework\\src\\Illuminate\\Container\\Container.php(785): Illuminate\\Encryption\\EncryptionServiceProvider->Illuminate\\Encryption\\{closure}()
#4 C:\\Users\\onurb\\code_batcave\\php-laravel-docker-snake-game\\vendor\\laravel\\framework\\src\\Illuminate\\Container\\Container.php(667): Illuminate\\Container\\Container->build()
#5 C:\\Users\\onurb\\code_batcave\\php-laravel-docker-snake-game\\vendor\\laravel\\framework\\src\\Illuminate\\Container\\Container.php(615): Illuminate\\Container\\Container->resolve()
#6 C:\\Users\\onurb\\code_batcave\\php-laravel-docker-snake-game\\vendor\\laravel\\framework\\src\\Illuminate\\Foundation\\Application.php(767): Illuminate\\Container\\Container->make()
#7 C:\\Users\\onurb\\code_batcave\\php-laravel-docker-snake-game\\vendor\\laravel\\framework\\src\\Illuminate\\Container\\Container.php(927): Illuminate\\Foundation\\Application->make()
#8 C:\\Users\\onurb\\code_batcave\\php-laravel-docker-snake-game\\vendor\\laravel\\framework\\src\\Illuminate\\Container\\Container.php(855): Illuminate\\Container\\Container->resolveClass()
#9 C:\\Users\\onurb\\code_batcave\\php-laravel-docker-snake-game\\vendor\\laravel\\framework\\src\\Illuminate\\Container\\Container.php(816): Illuminate\\Container\\Container->resolveDependencies()
#10 C:\\Users\\onurb\\code_batcave\\php-laravel-docker-snake-game\\vendor\\laravel\\framework\\src\\Illuminate\\Container\\Container.php(667): Illuminate\\Container\\Container->build()
#11 C:\\Users\\onurb\\code_batcave\\php-laravel-docker-snake-game\\vendor\\laravel\\framework\\src\\Illuminate\\Container\\Container.php(615): Illuminate\\Container\\Container->resolve()
#12 C:\\Users\\onurb\\code_batcave\\php-laravel-docker-snake-game\\vendor\\laravel\\framework\\src\\Illuminate\\Foundation\\Application.php(767): Illuminate\\Container\\Container->make()
#13 C:\\Users\\onurb\\code_batcave\\php-laravel-docker-snake-game\\vendor\\laravel\\framework\\src\\Illuminate\\Pipeline\\Pipeline.php(152): Illuminate\\Foundation\\Application->make()
#14 C:\\Users\\onurb\\code_batcave\\php-laravel-docker-snake-game\\vendor\\laravel\\framework\\src\\Illuminate\\Routing\\Pipeline.php(53): Illuminate\\Pipeline\\Pipeline->Illuminate\\Pipeline\\{closure}()
#15 C:\\Users\\onurb\\code_batcave\\php-laravel-docker-snake-game\\vendor\\laravel\\framework\\src\\Illuminate\\Pipeline\\Pipeline.php(104): Illuminate\\Routing\\Pipeline->Illuminate\\Routing\\{closure}()
#16 C:\\Users\\onurb\\code_batcave\\php-laravel-docker-snake-game\\vendor\\laravel\\framework\\src\\Illuminate\\Routing\\Router.php(682): Illuminate\\Pipeline\\Pipeline->then()
#17 C:\\Users\\onurb\\code_batcave\\php-laravel-docker-snake-game\\vendor\\laravel\\framework\\src\\Illuminate\\Routing\\Router.php(657): Illuminate\\Routing\\Router->runRouteWithinStack()
#18 C:\\Users\\onurb\\code_batcave\\php-laravel-docker-snake-game\\vendor\\laravel\\framework\\src\\Illuminate\\Routing\\Router.php(623): Illuminate\\Routing\\Router->runRoute()
#19 C:\\Users\\onurb\\code_batcave\\php-laravel-docker-snake-game\\vendor\\laravel\\framework\\src\\Illuminate\\Routing\\Router.php(612): Illuminate\\Routing\\Router->dispatchToRoute()
#20 C:\\Users\\onurb\\code_batcave\\php-laravel-docker-snake-game\\vendor\\laravel\\framework\\src\\Illuminate\\Foundation\\Http\\Kernel.php(176): Illuminate\\Routing\\Router->dispatch()
#21 C:\\Users\\onurb\\code_batcave\\php-laravel-docker-snake-game\\vendor\\laravel\\framework\\src\\Illuminate\\Routing\\Pipeline.php(30): Illuminate\\Foundation\\Http\\Kernel->Illuminate\\Foundation\\Http\\{closure}()
#22 C:\\Users\\onurb\\code_batcave\\php-laravel-docker-snake-game\\vendor\\fideloper\\proxy\\src\\TrustProxies.php(57): Illuminate\\Routing\\Pipeline->Illuminate\\Routing\\{closure}()
#23 C:\\Users\\onurb\\code_batcave\\php-laravel-docker-snake-game\\vendor\\laravel\\framework\\src\\Illuminate\\Pipeline\\Pipeline.php(163): Fideloper\\Proxy\\TrustProxies->handle()
#24 C:\\Users\\onurb\\code_batcave\\php-laravel-docker-snake-game\\vendor\\laravel\\framework\\src\\Illuminate\\Routing\\Pipeline.php(53): Illuminate\\Pipeline\\Pipeline->Illuminate\\Pipeline\\{closure}()
#25 C:\\Users\\onurb\\code_batcave\\php-laravel-docker-snake-game\\vendor\\laravel\\framework\\src\\Illuminate\\Foundation\\Http\\Middleware\\TransformsRequest.php(21): Illuminate\\Routing\\Pipeline->Illuminate\\Routing\\{closure}()
#26 C:\\Users\\onurb\\code_batcave\\php-laravel-docker-snake-game\\vendor\\laravel\\framework\\src\\Illuminate\\Pipeline\\Pipeline.php(163): Illuminate\\Foundation\\Http\\Middleware\\TransformsRequest->handle()
#27 C:\\Users\\onurb\\code_batcave\\php-laravel-docker-snake-game\\vendor\\laravel\\framework\\src\\Illuminate\\Routing\\Pipeline.php(53): Illuminate\\Pipeline\\Pipeline->Illuminate\\Pipeline\\{closure}()
#28 C:\\Users\\onurb\\code_batcave\\php-laravel-docker-snake-game\\vendor\\laravel\\framework\\src\\Illuminate\\Foundation\\Http\\Middleware\\TransformsRequest.php(21): Illuminate\\Routing\\Pipeline->Illuminate\\Routing\\{closure}()
#29 C:\\Users\\onurb\\code_batcave\\php-laravel-docker-snake-game\\vendor\\laravel\\framework\\src\\Illuminate\\Pipeline\\Pipeline.php(163): Illuminate\\Foundation\\Http\\Middleware\\TransformsRequest->handle()
#30 C:\\Users\\onurb\\code_batcave\\php-laravel-docker-snake-game\\vendor\\laravel\\framework\\src\\Illuminate\\Routing\\Pipeline.php(53): Illuminate\\Pipeline\\Pipeline->Illuminate\\Pipeline\\{closure}()
#31 C:\\Users\\onurb\\code_batcave\\php-laravel-docker-snake-game\\vendor\\laravel\\framework\\src\\Illuminate\\Foundation\\Http\\Middleware\\ValidatePostSize.php(27): Illuminate\\Routing\\Pipeline->Illuminate\\Routing\\{closure}()
#32 C:\\Users\\onurb\\code_batcave\\php-laravel-docker-snake-game\\vendor\\laravel\\framework\\src\\Illuminate\\Pipeline\\Pipeline.php(163): Illuminate\\Foundation\\Http\\Middleware\\ValidatePostSize->handle()
#33 C:\\Users\\onurb\\code_batcave\\php-laravel-docker-snake-game\\vendor\\laravel\\framework\\src\\Illuminate\\Routing\\Pipeline.php(53): Illuminate\\Pipeline\\Pipeline->Illuminate\\Pipeline\\{closure}()
#34 C:\\Users\\onurb\\code_batcave\\php-laravel-docker-snake-game\\vendor\\laravel\\framework\\src\\Illuminate\\Foundation\\Http\\Middleware\\CheckForMaintenanceMode.php(62): Illuminate\\Routing\\Pipeline->Illuminate\\Routing\\{closure}()
#35 C:\\Users\\onurb\\code_batcave\\php-laravel-docker-snake-game\\vendor\\laravel\\framework\\src\\Illuminate\\Pipeline\\Pipeline.php(163): Illuminate\\Foundation\\Http\\Middleware\\CheckForMaintenanceMode->handle()
#36 C:\\Users\\onurb\\code_batcave\\php-laravel-docker-snake-game\\vendor\\laravel\\framework\\src\\Illuminate\\Routing\\Pipeline.php(53): Illuminate\\Pipeline\\Pipeline->Illuminate\\Pipeline\\{closure}()
#37 C:\\Users\\onurb\\code_batcave\\php-laravel-docker-snake-game\\vendor\\laravel\\framework\\src\\Illuminate\\Pipeline\\Pipeline.php(104): Illuminate\\Routing\\Pipeline->Illuminate\\Routing\\{closure}()
#38 C:\\Users\\onurb\\code_batcave\\php-laravel-docker-snake-game\\vendor\\laravel\\framework\\src\\Illuminate\\Foundation\\Http\\Kernel.php(151): Illuminate\\Pipeline\\Pipeline->then()
#39 C:\\Users\\onurb\\code_batcave\\php-laravel-docker-snake-game\\vendor\\laravel\\framework\\src\\Illuminate\\Foundation\\Http\\Kernel.php(116): Illuminate\\Foundation\\Http\\Kernel->sendRequestThroughRouter()
#40 C:\\Users\\onurb\\code_batcave\\php-laravel-docker-snake-game\\public\\index.php(55): Illuminate\\Foundation\\Http\\Kernel->handle()
#41 C:\\Users\\onurb\\code_batcave\\php-laravel-docker-snake-game\\server.php(21): require_once('C:\\\\Users\\\\onurb\\\\...')
#42 {main}
"} 
[2023-05-03 13:23:58] production.ERROR: No application encryption key has been specified. {"exception":"[object] (RuntimeException(code: 0): No application encryption key has been specified. at C:\\Users\\onurb\\code_batcave\\php-laravel-docker-snake-game\\vendor\\laravel\\framework\\src\\Illuminate\\Encryption\\EncryptionServiceProvider.php:44)
[stacktrace]
#0 C:\\Users\\onurb\\code_batcave\\php-laravel-docker-snake-game\\vendor\\laravel\\framework\\src\\Illuminate\\Support\\helpers.php(1124): Illuminate\\Encryption\\EncryptionServiceProvider->Illuminate\\Encryption\\{closure}()
#1 C:\\Users\\onurb\\code_batcave\\php-laravel-docker-snake-game\\vendor\\laravel\\framework\\src\\Illuminate\\Encryption\\EncryptionServiceProvider.php(48): tap()
#2 C:\\Users\\onurb\\code_batcave\\php-laravel-docker-snake-game\\vendor\\laravel\\framework\\src\\Illuminate\\Encryption\\EncryptionServiceProvider.php(24): Illuminate\\Encryption\\EncryptionServiceProvider->key()
#3 C:\\Users\\onurb\\code_batcave\\php-laravel-docker-snake-game\\vendor\\laravel\\framework\\src\\Illuminate\\Container\\Container.php(785): Illuminate\\Encryption\\EncryptionServiceProvider->Illuminate\\Encryption\\{closure}()
#4 C:\\Users\\onurb\\code_batcave\\php-laravel-docker-snake-game\\vendor\\laravel\\framework\\src\\Illuminate\\Container\\Container.php(667): Illuminate\\Container\\Container->build()
#5 C:\\Users\\onurb\\code_batcave\\php-laravel-docker-snake-game\\vendor\\laravel\\framework\\src\\Illuminate\\Container\\Container.php(615): Illuminate\\Container\\Container->resolve()
#6 C:\\Users\\onurb\\code_batcave\\php-laravel-docker-snake-game\\vendor\\laravel\\framework\\src\\Illuminate\\Foundation\\Application.php(767): Illuminate\\Container\\Container->make()
#7 C:\\Users\\onurb\\code_batcave\\php-laravel-docker-snake-game\\vendor\\laravel\\framework\\src\\Illuminate\\Container\\Container.php(927): Illuminate\\Foundation\\Application->make()
#8 C:\\Users\\onurb\\code_batcave\\php-laravel-docker-snake-game\\vendor\\laravel\\framework\\src\\Illuminate\\Container\\Container.php(855): Illuminate\\Container\\Container->resolveClass()
#9 C:\\Users\\onurb\\code_batcave\\php-laravel-docker-snake-game\\vendor\\laravel\\framework\\src\\Illuminate\\Container\\Container.php(816): Illuminate\\Container\\Container->resolveDependencies()
#10 C:\\Users\\onurb\\code_batcave\\php-laravel-docker-snake-game\\vendor\\laravel\\framework\\src\\Illuminate\\Container\\Container.php(667): Illuminate\\Container\\Container->build()
#11 C:\\Users\\onurb\\code_batcave\\php-laravel-docker-snake-game\\vendor\\laravel\\framework\\src\\Illuminate\\Container\\Container.php(615): Illuminate\\Container\\Container->resolve()
#12 C:\\Users\\onurb\\code_batcave\\php-laravel-docker-snake-game\\vendor\\laravel\\framework\\src\\Illuminate\\Foundation\\Application.php(767): Illuminate\\Container\\Container->make()
#13 C:\\Users\\onurb\\code_batcave\\php-laravel-docker-snake-game\\vendor\\laravel\\framework\\src\\Illuminate\\Foundation\\Http\\Kernel.php(215): Illuminate\\Foundation\\Application->make()
#14 C:\\Users\\onurb\\code_batcave\\php-laravel-docker-snake-game\\vendor\\laravel\\framework\\src\\Illuminate\\Foundation\\Http\\Kernel.php(189): Illuminate\\Foundation\\Http\\Kernel->terminateMiddleware()
#15 C:\\Users\\onurb\\code_batcave\\php-laravel-docker-snake-game\\public\\index.php(60): Illuminate\\Foundation\\Http\\Kernel->terminate()
#16 C:\\Users\\onurb\\code_batcave\\php-laravel-docker-snake-game\\server.php(21): require_once('C:\\\\Users\\\\onurb\\\\...')
#17 {main}
"} 
[2023-05-03 13:24:12] production.ERROR: SQLSTATE[HY000] [1045] Access denied for user 'forge'@'localhost' (using password: NO) (SQL: select * from information_schema.tables where table_schema = forge and table_name = migrations and table_type = 'BASE TABLE') {"exception":"[object] (Illuminate\\Database\\QueryException(code: 1045): SQLSTATE[HY000] [1045] Access denied for user 'forge'@'localhost' (using password: NO) (SQL: select * from information_schema.tables where table_schema = forge and table_name = migrations and table_type = 'BASE TABLE') at C:\\Users\\onurb\\code_batcave\\php-laravel-docker-snake-game\\vendor\\laravel\\framework\\src\\Illuminate\\Database\\Connection.php:664, PDOException(code: 1045): SQLSTATE[HY000] [1045] Access denied for user 'forge'@'localhost' (using password: NO) at C:\\Users\\onurb\\code_batcave\\php-laravel-docker-snake-game\\vendor\\laravel\\framework\\src\\Illuminate\\Database\\Connectors\\Connector.php:70)
[stacktrace]
#0 C:\\Users\\onurb\\code_batcave\\php-laravel-docker-snake-game\\vendor\\laravel\\framework\\src\\Illuminate\\Database\\Connection.php(624): Illuminate\\Database\\Connection->runQueryCallback()
#1 C:\\Users\\onurb\\code_batcave\\php-laravel-docker-snake-game\\vendor\\laravel\\framework\\src\\Illuminate\\Database\\Connection.php(333): Illuminate\\Database\\Connection->run()
#2 C:\\Users\\onurb\\code_batcave\\php-laravel-docker-snake-game\\vendor\\laravel\\framework\\src\\Illuminate\\Database\\Schema\\MySqlBuilder.php(18): Illuminate\\Database\\Connection->select()
#3 C:\\Users\\onurb\\code_batcave\\php-laravel-docker-snake-game\\vendor\\laravel\\framework\\src\\Illuminate\\Database\\Migrations\\DatabaseMigrationRepository.php(169): Illuminate\\Database\\Schema\\MySqlBuilder->hasTable()
#4 C:\\Users\\onurb\\code_batcave\\php-laravel-docker-snake-game\\vendor\\laravel\\framework\\src\\Illuminate\\Database\\Migrations\\Migrator.php(585): Illuminate\\Database\\Migrations\\DatabaseMigrationRepository->repositoryExists()
#5 C:\\Users\\onurb\\code_batcave\\php-laravel-docker-snake-game\\vendor\\laravel\\framework\\src\\Illuminate\\Database\\Console\\Migrations\\MigrateCommand.php(91): Illuminate\\Database\\Migrations\\Migrator->repositoryExists()
#6 C:\\Users\\onurb\\code_batcave\\php-laravel-docker-snake-game\\vendor\\laravel\\framework\\src\\Illuminate\\Database\\Console\\Migrations\\MigrateCommand.php(63): Illuminate\\Database\\Console\\Migrations\\MigrateCommand->prepareDatabase()
#7 [internal function]: Illuminate\\Database\\Console\\Migrations\\MigrateCommand->handle()
#8 C:\\Users\\onurb\\code_batcave\\php-laravel-docker-snake-game\\vendor\\laravel\\framework\\src\\Illuminate\\Container\\BoundMethod.php(32): call_user_func_array()
#9 C:\\Users\\onurb\\code_batcave\\php-laravel-docker-snake-game\\vendor\\laravel\\framework\\src\\Illuminate\\Container\\BoundMethod.php(90): Illuminate\\Container\\BoundMethod::Illuminate\\Container\\{closure}()
#10 C:\\Users\\onurb\\code_batcave\\php-laravel-docker-snake-game\\vendor\\laravel\\framework\\src\\Illuminate\\Container\\BoundMethod.php(34): Illuminate\\Container\\BoundMethod::callBoundMethod()
#11 C:\\Users\\onurb\\code_batcave\\php-laravel-docker-snake-game\\vendor\\laravel\\framework\\src\\Illuminate\\Container\\Container.php(576): Illuminate\\Container\\BoundMethod::call()
#12 C:\\Users\\onurb\\code_batcave\\php-laravel-docker-snake-game\\vendor\\laravel\\framework\\src\\Illuminate\\Console\\Command.php(183): Illuminate\\Container\\Container->call()
#13 C:\\Users\\onurb\\code_batcave\\php-laravel-docker-snake-game\\vendor\\symfony\\console\\Command\\Command.php(255): Illuminate\\Console\\Command->execute()
#14 C:\\Users\\onurb\\code_batcave\\php-laravel-docker-snake-game\\vendor\\laravel\\framework\\src\\Illuminate\\Console\\Command.php(170): Symfony\\Component\\Console\\Command\\Command->run()
#15 C:\\Users\\onurb\\code_batcave\\php-laravel-docker-snake-game\\vendor\\symfony\\console\\Application.php(1021): Illuminate\\Console\\Command->run()
#16 C:\\Users\\onurb\\code_batcave\\php-laravel-docker-snake-game\\vendor\\symfony\\console\\Application.php(275): Symfony\\Component\\Console\\Application->doRunCommand()
#17 C:\\Users\\onurb\\code_batcave\\php-laravel-docker-snake-game\\vendor\\symfony\\console\\Application.php(149): Symfony\\Component\\Console\\Application->doRun()
#18 C:\\Users\\onurb\\code_batcave\\php-laravel-docker-snake-game\\vendor\\laravel\\framework\\src\\Illuminate\\Console\\Application.php(90): Symfony\\Component\\Console\\Application->run()
#19 C:\\Users\\onurb\\code_batcave\\php-laravel-docker-snake-game\\vendor\\laravel\\framework\\src\\Illuminate\\Foundation\\Console\\Kernel.php(133): Illuminate\\Console\\Application->run()
#20 C:\\Users\\onurb\\code_batcave\\php-laravel-docker-snake-game\\artisan(37): Illuminate\\Foundation\\Console\\Kernel->handle()
#21 {main}
"} 
[2023-05-03 13:25:24] production.ERROR: SQLSTATE[HY000] [1045] Access denied for user 'forge'@'localhost' (using password: NO) (SQL: select * from information_schema.tables where table_schema = forge and table_name = migrations and table_type = 'BASE TABLE') {"exception":"[object] (Illuminate\\Database\\QueryException(code: 1045): SQLSTATE[HY000] [1045] Access denied for user 'forge'@'localhost' (using password: NO) (SQL: select * from information_schema.tables where table_schema = forge and table_name = migrations and table_type = 'BASE TABLE') at C:\\Users\\onurb\\code_batcave\\php-laravel-docker-snake-game\\vendor\\laravel\\framework\\src\\Illuminate\\Database\\Connection.php:664, PDOException(code: 1045): SQLSTATE[HY000] [1045] Access denied for user 'forge'@'localhost' (using password: NO) at C:\\Users\\onurb\\code_batcave\\php-laravel-docker-snake-game\\vendor\\laravel\\framework\\src\\Illuminate\\Database\\Connectors\\Connector.php:70)
[stacktrace]
#0 C:\\Users\\onurb\\code_batcave\\php-laravel-docker-snake-game\\vendor\\laravel\\framework\\src\\Illuminate\\Database\\Connection.php(624): Illuminate\\Database\\Connection->runQueryCallback()
#1 C:\\Users\\onurb\\code_batcave\\php-laravel-docker-snake-game\\vendor\\laravel\\framework\\src\\Illuminate\\Database\\Connection.php(333): Illuminate\\Database\\Connection->run()
#2 C:\\Users\\onurb\\code_batcave\\php-laravel-docker-snake-game\\vendor\\laravel\\framework\\src\\Illuminate\\Database\\Schema\\MySqlBuilder.php(18): Illuminate\\Database\\Connection->select()
#3 C:\\Users\\onurb\\code_batcave\\php-laravel-docker-snake-game\\vendor\\laravel\\framework\\src\\Illuminate\\Database\\Migrations\\DatabaseMigrationRepository.php(169): Illuminate\\Database\\Schema\\MySqlBuilder->hasTable()
#4 C:\\Users\\onurb\\code_batcave\\php-laravel-docker-snake-game\\vendor\\laravel\\framework\\src\\Illuminate\\Database\\Migrations\\Migrator.php(585): Illuminate\\Database\\Migrations\\DatabaseMigrationRepository->repositoryExists()
#5 C:\\Users\\onurb\\code_batcave\\php-laravel-docker-snake-game\\vendor\\laravel\\framework\\src\\Illuminate\\Database\\Console\\Migrations\\MigrateCommand.php(91): Illuminate\\Database\\Migrations\\Migrator->repositoryExists()
#6 C:\\Users\\onurb\\code_batcave\\php-laravel-docker-snake-game\\vendor\\laravel\\framework\\src\\Illuminate\\Database\\Console\\Migrations\\MigrateCommand.php(63): Illuminate\\Database\\Console\\Migrations\\MigrateCommand->prepareDatabase()
#7 [internal function]: Illuminate\\Database\\Console\\Migrations\\MigrateCommand->handle()
#8 C:\\Users\\onurb\\code_batcave\\php-laravel-docker-snake-game\\vendor\\laravel\\framework\\src\\Illuminate\\Container\\BoundMethod.php(32): call_user_func_array()
#9 C:\\Users\\onurb\\code_batcave\\php-laravel-docker-snake-game\\vendor\\laravel\\framework\\src\\Illuminate\\Container\\BoundMethod.php(90): Illuminate\\Container\\BoundMethod::Illuminate\\Container\\{closure}()
#10 C:\\Users\\onurb\\code_batcave\\php-laravel-docker-snake-game\\vendor\\laravel\\framework\\src\\Illuminate\\Container\\BoundMethod.php(34): Illuminate\\Container\\BoundMethod::callBoundMethod()
#11 C:\\Users\\onurb\\code_batcave\\php-laravel-docker-snake-game\\vendor\\laravel\\framework\\src\\Illuminate\\Container\\Container.php(576): Illuminate\\Container\\BoundMethod::call()
#12 C:\\Users\\onurb\\code_batcave\\php-laravel-docker-snake-game\\vendor\\laravel\\framework\\src\\Illuminate\\Console\\Command.php(183): Illuminate\\Container\\Container->call()
#13 C:\\Users\\onurb\\code_batcave\\php-laravel-docker-snake-game\\vendor\\symfony\\console\\Command\\Command.php(255): Illuminate\\Console\\Command->execute()
#14 C:\\Users\\onurb\\code_batcave\\php-laravel-docker-snake-game\\vendor\\laravel\\framework\\src\\Illuminate\\Console\\Command.php(170): Symfony\\Component\\Console\\Command\\Command->run()
#15 C:\\Users\\onurb\\code_batcave\\php-laravel-docker-snake-game\\vendor\\symfony\\console\\Application.php(1021): Illuminate\\Console\\Command->run()
#16 C:\\Users\\onurb\\code_batcave\\php-laravel-docker-snake-game\\vendor\\symfony\\console\\Application.php(275): Symfony\\Component\\Console\\Application->doRunCommand()
#17 C:\\Users\\onurb\\code_batcave\\php-laravel-docker-snake-game\\vendor\\symfony\\console\\Application.php(149): Symfony\\Component\\Console\\Application->doRun()
#18 C:\\Users\\onurb\\code_batcave\\php-laravel-docker-snake-game\\vendor\\laravel\\framework\\src\\Illuminate\\Console\\Application.php(90): Symfony\\Component\\Console\\Application->run()
#19 C:\\Users\\onurb\\code_batcave\\php-laravel-docker-snake-game\\vendor\\laravel\\framework\\src\\Illuminate\\Foundation\\Console\\Kernel.php(133): Illuminate\\Console\\Application->run()
#20 C:\\Users\\onurb\\code_batcave\\php-laravel-docker-snake-game\\artisan(37): Illuminate\\Foundation\\Console\\Kernel->handle()
#21 {main}
"} 
[2023-05-03 13:26:42] local.ERROR: Class 'CreateUsersTableCopy' not found {"exception":"[object] (Symfony\\Component\\Debug\\Exception\\FatalThrowableError(code: 0): Class 'CreateUsersTableCopy' not found at C:\\Users\\onurb\\code_batcave\\php-laravel-docker-snake-game\\vendor\\laravel\\framework\\src\\Illuminate\\Database\\Migrations\\Migrator.php:448)
[stacktrace]
#0 C:\\Users\\onurb\\code_batcave\\php-laravel-docker-snake-game\\vendor\\laravel\\framework\\src\\Illuminate\\Database\\Migrations\\Migrator.php(186): Illuminate\\Database\\Migrations\\Migrator->resolve()
#1 C:\\Users\\onurb\\code_batcave\\php-laravel-docker-snake-game\\vendor\\laravel\\framework\\src\\Illuminate\\Database\\Migrations\\Migrator.php(162): Illuminate\\Database\\Migrations\\Migrator->runUp()
#2 C:\\Users\\onurb\\code_batcave\\php-laravel-docker-snake-game\\vendor\\laravel\\framework\\src\\Illuminate\\Database\\Migrations\\Migrator.php(109): Illuminate\\Database\\Migrations\\Migrator->runPending()
#3 C:\\Users\\onurb\\code_batcave\\php-laravel-docker-snake-game\\vendor\\laravel\\framework\\src\\Illuminate\\Database\\Console\\Migrations\\MigrateCommand.php(71): Illuminate\\Database\\Migrations\\Migrator->run()
#4 [internal function]: Illuminate\\Database\\Console\\Migrations\\MigrateCommand->handle()
#5 C:\\Users\\onurb\\code_batcave\\php-laravel-docker-snake-game\\vendor\\laravel\\framework\\src\\Illuminate\\Container\\BoundMethod.php(32): call_user_func_array()
#6 C:\\Users\\onurb\\code_batcave\\php-laravel-docker-snake-game\\vendor\\laravel\\framework\\src\\Illuminate\\Container\\BoundMethod.php(90): Illuminate\\Container\\BoundMethod::Illuminate\\Container\\{closure}()
#7 C:\\Users\\onurb\\code_batcave\\php-laravel-docker-snake-game\\vendor\\laravel\\framework\\src\\Illuminate\\Container\\BoundMethod.php(34): Illuminate\\Container\\BoundMethod::callBoundMethod()
#8 C:\\Users\\onurb\\code_batcave\\php-laravel-docker-snake-game\\vendor\\laravel\\framework\\src\\Illuminate\\Container\\Container.php(576): Illuminate\\Container\\BoundMethod::call()
#9 C:\\Users\\onurb\\code_batcave\\php-laravel-docker-snake-game\\vendor\\laravel\\framework\\src\\Illuminate\\Console\\Command.php(183): Illuminate\\Container\\Container->call()
#10 C:\\Users\\onurb\\code_batcave\\php-laravel-docker-snake-game\\vendor\\symfony\\console\\Command\\Command.php(255): Illuminate\\Console\\Command->execute()
#11 C:\\Users\\onurb\\code_batcave\\php-laravel-docker-snake-game\\vendor\\laravel\\framework\\src\\Illuminate\\Console\\Command.php(170): Symfony\\Component\\Console\\Command\\Command->run()
#12 C:\\Users\\onurb\\code_batcave\\php-laravel-docker-snake-game\\vendor\\symfony\\console\\Application.php(1021): Illuminate\\Console\\Command->run()
#13 C:\\Users\\onurb\\code_batcave\\php-laravel-docker-snake-game\\vendor\\symfony\\console\\Application.php(275): Symfony\\Component\\Console\\Application->doRunCommand()
#14 C:\\Users\\onurb\\code_batcave\\php-laravel-docker-snake-game\\vendor\\symfony\\console\\Application.php(149): Symfony\\Component\\Console\\Application->doRun()
#15 C:\\Users\\onurb\\code_batcave\\php-laravel-docker-snake-game\\vendor\\laravel\\framework\\src\\Illuminate\\Console\\Application.php(90): Symfony\\Component\\Console\\Application->run()
#16 C:\\Users\\onurb\\code_batcave\\php-laravel-docker-snake-game\\vendor\\laravel\\framework\\src\\Illuminate\\Foundation\\Console\\Kernel.php(133): Illuminate\\Console\\Application->run()
#17 C:\\Users\\onurb\\code_batcave\\php-laravel-docker-snake-game\\artisan(37): Illuminate\\Foundation\\Console\\Kernel->handle()
#18 {main}
"} 
[2023-05-03 13:33:14] local.ERROR: No application encryption key has been specified. {"exception":"[object] (RuntimeException(code: 0): No application encryption key has been specified. at C:\\Users\\onurb\\code_batcave\\php-laravel-docker-snake-game\\vendor\\laravel\\framework\\src\\Illuminate\\Encryption\\EncryptionServiceProvider.php:44)
[stacktrace]
#0 C:\\Users\\onurb\\code_batcave\\php-laravel-docker-snake-game\\vendor\\laravel\\framework\\src\\Illuminate\\Support\\helpers.php(1124): Illuminate\\Encryption\\EncryptionServiceProvider->Illuminate\\Encryption\\{closure}()
#1 C:\\Users\\onurb\\code_batcave\\php-laravel-docker-snake-game\\vendor\\laravel\\framework\\src\\Illuminate\\Encryption\\EncryptionServiceProvider.php(48): tap()
#2 C:\\Users\\onurb\\code_batcave\\php-laravel-docker-snake-game\\vendor\\laravel\\framework\\src\\Illuminate\\Encryption\\EncryptionServiceProvider.php(24): Illuminate\\Encryption\\EncryptionServiceProvider->key()
#3 C:\\Users\\onurb\\code_batcave\\php-laravel-docker-snake-game\\vendor\\laravel\\framework\\src\\Illuminate\\Container\\Container.php(785): Illuminate\\Encryption\\EncryptionServiceProvider->Illuminate\\Encryption\\{closure}()
#4 C:\\Users\\onurb\\code_batcave\\php-laravel-docker-snake-game\\vendor\\laravel\\framework\\src\\Illuminate\\Container\\Container.php(667): Illuminate\\Container\\Container->build()
#5 C:\\Users\\onurb\\code_batcave\\php-laravel-docker-snake-game\\vendor\\laravel\\framework\\src\\Illuminate\\Container\\Container.php(615): Illuminate\\Container\\Container->resolve()
#6 C:\\Users\\onurb\\code_batcave\\php-laravel-docker-snake-game\\vendor\\laravel\\framework\\src\\Illuminate\\Foundation\\Application.php(767): Illuminate\\Container\\Container->make()
#7 C:\\Users\\onurb\\code_batcave\\php-laravel-docker-snake-game\\vendor\\laravel\\framework\\src\\Illuminate\\Container\\Container.php(927): Illuminate\\Foundation\\Application->make()
#8 C:\\Users\\onurb\\code_batcave\\php-laravel-docker-snake-game\\vendor\\laravel\\framework\\src\\Illuminate\\Container\\Container.php(855): Illuminate\\Container\\Container->resolveClass()
#9 C:\\Users\\onurb\\code_batcave\\php-laravel-docker-snake-game\\vendor\\laravel\\framework\\src\\Illuminate\\Container\\Container.php(816): Illuminate\\Container\\Container->resolveDependencies()
#10 C:\\Users\\onurb\\code_batcave\\php-laravel-docker-snake-game\\vendor\\laravel\\framework\\src\\Illuminate\\Container\\Container.php(667): Illuminate\\Container\\Container->build()
#11 C:\\Users\\onurb\\code_batcave\\php-laravel-docker-snake-game\\vendor\\laravel\\framework\\src\\Illuminate\\Container\\Container.php(615): Illuminate\\Container\\Container->resolve()
#12 C:\\Users\\onurb\\code_batcave\\php-laravel-docker-snake-game\\vendor\\laravel\\framework\\src\\Illuminate\\Foundation\\Application.php(767): Illuminate\\Container\\Container->make()
#13 C:\\Users\\onurb\\code_batcave\\php-laravel-docker-snake-game\\vendor\\laravel\\framework\\src\\Illuminate\\Pipeline\\Pipeline.php(152): Illuminate\\Foundation\\Application->make()
#14 C:\\Users\\onurb\\code_batcave\\php-laravel-docker-snake-game\\vendor\\laravel\\framework\\src\\Illuminate\\Routing\\Pipeline.php(53): Illuminate\\Pipeline\\Pipeline->Illuminate\\Pipeline\\{closure}()
#15 C:\\Users\\onurb\\code_batcave\\php-laravel-docker-snake-game\\vendor\\laravel\\framework\\src\\Illuminate\\Pipeline\\Pipeline.php(104): Illuminate\\Routing\\Pipeline->Illuminate\\Routing\\{closure}()
#16 C:\\Users\\onurb\\code_batcave\\php-laravel-docker-snake-game\\vendor\\laravel\\framework\\src\\Illuminate\\Routing\\Router.php(682): Illuminate\\Pipeline\\Pipeline->then()
#17 C:\\Users\\onurb\\code_batcave\\php-laravel-docker-snake-game\\vendor\\laravel\\framework\\src\\Illuminate\\Routing\\Router.php(657): Illuminate\\Routing\\Router->runRouteWithinStack()
#18 C:\\Users\\onurb\\code_batcave\\php-laravel-docker-snake-game\\vendor\\laravel\\framework\\src\\Illuminate\\Routing\\Router.php(623): Illuminate\\Routing\\Router->runRoute()
#19 C:\\Users\\onurb\\code_batcave\\php-laravel-docker-snake-game\\vendor\\laravel\\framework\\src\\Illuminate\\Routing\\Router.php(612): Illuminate\\Routing\\Router->dispatchToRoute()
#20 C:\\Users\\onurb\\code_batcave\\php-laravel-docker-snake-game\\vendor\\laravel\\framework\\src\\Illuminate\\Foundation\\Http\\Kernel.php(176): Illuminate\\Routing\\Router->dispatch()
#21 C:\\Users\\onurb\\code_batcave\\php-laravel-docker-snake-game\\vendor\\laravel\\framework\\src\\Illuminate\\Routing\\Pipeline.php(30): Illuminate\\Foundation\\Http\\Kernel->Illuminate\\Foundation\\Http\\{closure}()
#22 C:\\Users\\onurb\\code_batcave\\php-laravel-docker-snake-game\\vendor\\fideloper\\proxy\\src\\TrustProxies.php(57): Illuminate\\Routing\\Pipeline->Illuminate\\Routing\\{closure}()
#23 C:\\Users\\onurb\\code_batcave\\php-laravel-docker-snake-game\\vendor\\laravel\\framework\\src\\Illuminate\\Pipeline\\Pipeline.php(163): Fideloper\\Proxy\\TrustProxies->handle()
#24 C:\\Users\\onurb\\code_batcave\\php-laravel-docker-snake-game\\vendor\\laravel\\framework\\src\\Illuminate\\Routing\\Pipeline.php(53): Illuminate\\Pipeline\\Pipeline->Illuminate\\Pipeline\\{closure}()
#25 C:\\Users\\onurb\\code_batcave\\php-laravel-docker-snake-game\\vendor\\laravel\\framework\\src\\Illuminate\\Foundation\\Http\\Middleware\\TransformsRequest.php(21): Illuminate\\Routing\\Pipeline->Illuminate\\Routing\\{closure}()
#26 C:\\Users\\onurb\\code_batcave\\php-laravel-docker-snake-game\\vendor\\laravel\\framework\\src\\Illuminate\\Pipeline\\Pipeline.php(163): Illuminate\\Foundation\\Http\\Middleware\\TransformsRequest->handle()
#27 C:\\Users\\onurb\\code_batcave\\php-laravel-docker-snake-game\\vendor\\laravel\\framework\\src\\Illuminate\\Routing\\Pipeline.php(53): Illuminate\\Pipeline\\Pipeline->Illuminate\\Pipeline\\{closure}()
#28 C:\\Users\\onurb\\code_batcave\\php-laravel-docker-snake-game\\vendor\\laravel\\framework\\src\\Illuminate\\Foundation\\Http\\Middleware\\TransformsRequest.php(21): Illuminate\\Routing\\Pipeline->Illuminate\\Routing\\{closure}()
#29 C:\\Users\\onurb\\code_batcave\\php-laravel-docker-snake-game\\vendor\\laravel\\framework\\src\\Illuminate\\Pipeline\\Pipeline.php(163): Illuminate\\Foundation\\Http\\Middleware\\TransformsRequest->handle()
#30 C:\\Users\\onurb\\code_batcave\\php-laravel-docker-snake-game\\vendor\\laravel\\framework\\src\\Illuminate\\Routing\\Pipeline.php(53): Illuminate\\Pipeline\\Pipeline->Illuminate\\Pipeline\\{closure}()
#31 C:\\Users\\onurb\\code_batcave\\php-laravel-docker-snake-game\\vendor\\laravel\\framework\\src\\Illuminate\\Foundation\\Http\\Middleware\\ValidatePostSize.php(27): Illuminate\\Routing\\Pipeline->Illuminate\\Routing\\{closure}()
#32 C:\\Users\\onurb\\code_batcave\\php-laravel-docker-snake-game\\vendor\\laravel\\framework\\src\\Illuminate\\Pipeline\\Pipeline.php(163): Illuminate\\Foundation\\Http\\Middleware\\ValidatePostSize->handle()
#33 C:\\Users\\onurb\\code_batcave\\php-laravel-docker-snake-game\\vendor\\laravel\\framework\\src\\Illuminate\\Routing\\Pipeline.php(53): Illuminate\\Pipeline\\Pipeline->Illuminate\\Pipeline\\{closure}()
#34 C:\\Users\\onurb\\code_batcave\\php-laravel-docker-snake-game\\vendor\\laravel\\framework\\src\\Illuminate\\Foundation\\Http\\Middleware\\CheckForMaintenanceMode.php(62): Illuminate\\Routing\\Pipeline->Illuminate\\Routing\\{closure}()
#35 C:\\Users\\onurb\\code_batcave\\php-laravel-docker-snake-game\\vendor\\laravel\\framework\\src\\Illuminate\\Pipeline\\Pipeline.php(163): Illuminate\\Foundation\\Http\\Middleware\\CheckForMaintenanceMode->handle()
#36 C:\\Users\\onurb\\code_batcave\\php-laravel-docker-snake-game\\vendor\\laravel\\framework\\src\\Illuminate\\Routing\\Pipeline.php(53): Illuminate\\Pipeline\\Pipeline->Illuminate\\Pipeline\\{closure}()
#37 C:\\Users\\onurb\\code_batcave\\php-laravel-docker-snake-game\\vendor\\laravel\\framework\\src\\Illuminate\\Pipeline\\Pipeline.php(104): Illuminate\\Routing\\Pipeline->Illuminate\\Routing\\{closure}()
#38 C:\\Users\\onurb\\code_batcave\\php-laravel-docker-snake-game\\vendor\\laravel\\framework\\src\\Illuminate\\Foundation\\Http\\Kernel.php(151): Illuminate\\Pipeline\\Pipeline->then()
#39 C:\\Users\\onurb\\code_batcave\\php-laravel-docker-snake-game\\vendor\\laravel\\framework\\src\\Illuminate\\Foundation\\Http\\Kernel.php(116): Illuminate\\Foundation\\Http\\Kernel->sendRequestThroughRouter()
#40 C:\\Users\\onurb\\code_batcave\\php-laravel-docker-snake-game\\public\\index.php(55): Illuminate\\Foundation\\Http\\Kernel->handle()
#41 C:\\Users\\onurb\\code_batcave\\php-laravel-docker-snake-game\\server.php(21): require_once('C:\\\\Users\\\\onurb\\\\...')
#42 {main}
"} 
[2023-05-03 13:33:14] local.ERROR: No application encryption key has been specified. {"exception":"[object] (RuntimeException(code: 0): No application encryption key has been specified. at C:\\Users\\onurb\\code_batcave\\php-laravel-docker-snake-game\\vendor\\laravel\\framework\\src\\Illuminate\\Encryption\\EncryptionServiceProvider.php:44)
[stacktrace]
#0 C:\\Users\\onurb\\code_batcave\\php-laravel-docker-snake-game\\vendor\\laravel\\framework\\src\\Illuminate\\Support\\helpers.php(1124): Illuminate\\Encryption\\EncryptionServiceProvider->Illuminate\\Encryption\\{closure}()
#1 C:\\Users\\onurb\\code_batcave\\php-laravel-docker-snake-game\\vendor\\laravel\\framework\\src\\Illuminate\\Encryption\\EncryptionServiceProvider.php(48): tap()
#2 C:\\Users\\onurb\\code_batcave\\php-laravel-docker-snake-game\\vendor\\laravel\\framework\\src\\Illuminate\\Encryption\\EncryptionServiceProvider.php(24): Illuminate\\Encryption\\EncryptionServiceProvider->key()
#3 C:\\Users\\onurb\\code_batcave\\php-laravel-docker-snake-game\\vendor\\laravel\\framework\\src\\Illuminate\\Container\\Container.php(785): Illuminate\\Encryption\\EncryptionServiceProvider->Illuminate\\Encryption\\{closure}()
#4 C:\\Users\\onurb\\code_batcave\\php-laravel-docker-snake-game\\vendor\\laravel\\framework\\src\\Illuminate\\Container\\Container.php(667): Illuminate\\Container\\Container->build()
#5 C:\\Users\\onurb\\code_batcave\\php-laravel-docker-snake-game\\vendor\\laravel\\framework\\src\\Illuminate\\Container\\Container.php(615): Illuminate\\Container\\Container->resolve()
#6 C:\\Users\\onurb\\code_batcave\\php-laravel-docker-snake-game\\vendor\\laravel\\framework\\src\\Illuminate\\Foundation\\Application.php(767): Illuminate\\Container\\Container->make()
#7 C:\\Users\\onurb\\code_batcave\\php-laravel-docker-snake-game\\vendor\\laravel\\framework\\src\\Illuminate\\Container\\Container.php(927): Illuminate\\Foundation\\Application->make()
#8 C:\\Users\\onurb\\code_batcave\\php-laravel-docker-snake-game\\vendor\\laravel\\framework\\src\\Illuminate\\Container\\Container.php(855): Illuminate\\Container\\Container->resolveClass()
#9 C:\\Users\\onurb\\code_batcave\\php-laravel-docker-snake-game\\vendor\\laravel\\framework\\src\\Illuminate\\Container\\Container.php(816): Illuminate\\Container\\Container->resolveDependencies()
#10 C:\\Users\\onurb\\code_batcave\\php-laravel-docker-snake-game\\vendor\\laravel\\framework\\src\\Illuminate\\Container\\Container.php(667): Illuminate\\Container\\Container->build()
#11 C:\\Users\\onurb\\code_batcave\\php-laravel-docker-snake-game\\vendor\\laravel\\framework\\src\\Illuminate\\Container\\Container.php(615): Illuminate\\Container\\Container->resolve()
#12 C:\\Users\\onurb\\code_batcave\\php-laravel-docker-snake-game\\vendor\\laravel\\framework\\src\\Illuminate\\Foundation\\Application.php(767): Illuminate\\Container\\Container->make()
#13 C:\\Users\\onurb\\code_batcave\\php-laravel-docker-snake-game\\vendor\\laravel\\framework\\src\\Illuminate\\Foundation\\Http\\Kernel.php(215): Illuminate\\Foundation\\Application->make()
#14 C:\\Users\\onurb\\code_batcave\\php-laravel-docker-snake-game\\vendor\\laravel\\framework\\src\\Illuminate\\Foundation\\Http\\Kernel.php(189): Illuminate\\Foundation\\Http\\Kernel->terminateMiddleware()
#15 C:\\Users\\onurb\\code_batcave\\php-laravel-docker-snake-game\\public\\index.php(60): Illuminate\\Foundation\\Http\\Kernel->terminate()
#16 C:\\Users\\onurb\\code_batcave\\php-laravel-docker-snake-game\\server.php(21): require_once('C:\\\\Users\\\\onurb\\\\...')
#17 {main}
"} 
[2023-05-03 13:34:27] local.ERROR: Class 'App\Models\Users' not found {"exception":"[object] (Symfony\\Component\\Debug\\Exception\\FatalThrowableError(code: 0): Class 'App\\Models\\Users' not found at C:\\Users\\onurb\\code_batcave\\php-laravel-docker-snake-game\\app\\Http\\Controllers\\UsersController.php:13)
[stacktrace]
#0 [internal function]: App\\Http\\Controllers\\UsersController->index()
#1 C:\\Users\\onurb\\code_batcave\\php-laravel-docker-snake-game\\vendor\\laravel\\framework\\src\\Illuminate\\Routing\\Controller.php(54): call_user_func_array()
#2 C:\\Users\\onurb\\code_batcave\\php-laravel-docker-snake-game\\vendor\\laravel\\framework\\src\\Illuminate\\Routing\\ControllerDispatcher.php(45): Illuminate\\Routing\\Controller->callAction()
#3 C:\\Users\\onurb\\code_batcave\\php-laravel-docker-snake-game\\vendor\\laravel\\framework\\src\\Illuminate\\Routing\\Route.php(219): Illuminate\\Routing\\ControllerDispatcher->dispatch()
#4 C:\\Users\\onurb\\code_batcave\\php-laravel-docker-snake-game\\vendor\\laravel\\framework\\src\\Illuminate\\Routing\\Route.php(176): Illuminate\\Routing\\Route->runController()
#5 C:\\Users\\onurb\\code_batcave\\php-laravel-docker-snake-game\\vendor\\laravel\\framework\\src\\Illuminate\\Routing\\Router.php(680): Illuminate\\Routing\\Route->run()
#6 C:\\Users\\onurb\\code_batcave\\php-laravel-docker-snake-game\\vendor\\laravel\\framework\\src\\Illuminate\\Routing\\Pipeline.php(30): Illuminate\\Routing\\Router->Illuminate\\Routing\\{closure}()
#7 C:\\Users\\onurb\\code_batcave\\php-laravel-docker-snake-game\\vendor\\laravel\\framework\\src\\Illuminate\\Routing\\Middleware\\SubstituteBindings.php(41): Illuminate\\Routing\\Pipeline->Illuminate\\Routing\\{closure}()
#8 C:\\Users\\onurb\\code_batcave\\php-laravel-docker-snake-game\\vendor\\laravel\\framework\\src\\Illuminate\\Pipeline\\Pipeline.php(163): Illuminate\\Routing\\Middleware\\SubstituteBindings->handle()
#9 C:\\Users\\onurb\\code_batcave\\php-laravel-docker-snake-game\\vendor\\laravel\\framework\\src\\Illuminate\\Routing\\Pipeline.php(53): Illuminate\\Pipeline\\Pipeline->Illuminate\\Pipeline\\{closure}()
#10 C:\\Users\\onurb\\code_batcave\\php-laravel-docker-snake-game\\vendor\\laravel\\framework\\src\\Illuminate\\Foundation\\Http\\Middleware\\VerifyCsrfToken.php(75): Illuminate\\Routing\\Pipeline->Illuminate\\Routing\\{closure}()
#11 C:\\Users\\onurb\\code_batcave\\php-laravel-docker-snake-game\\vendor\\laravel\\framework\\src\\Illuminate\\Pipeline\\Pipeline.php(163): Illuminate\\Foundation\\Http\\Middleware\\VerifyCsrfToken->handle()
#12 C:\\Users\\onurb\\code_batcave\\php-laravel-docker-snake-game\\vendor\\laravel\\framework\\src\\Illuminate\\Routing\\Pipeline.php(53): Illuminate\\Pipeline\\Pipeline->Illuminate\\Pipeline\\{closure}()
#13 C:\\Users\\onurb\\code_batcave\\php-laravel-docker-snake-game\\vendor\\laravel\\framework\\src\\Illuminate\\View\\Middleware\\ShareErrorsFromSession.php(49): Illuminate\\Routing\\Pipeline->Illuminate\\Routing\\{closure}()
#14 C:\\Users\\onurb\\code_batcave\\php-laravel-docker-snake-game\\vendor\\laravel\\framework\\src\\Illuminate\\Pipeline\\Pipeline.php(163): Illuminate\\View\\Middleware\\ShareErrorsFromSession->handle()
#15 C:\\Users\\onurb\\code_batcave\\php-laravel-docker-snake-game\\vendor\\laravel\\framework\\src\\Illuminate\\Routing\\Pipeline.php(53): Illuminate\\Pipeline\\Pipeline->Illuminate\\Pipeline\\{closure}()
#16 C:\\Users\\onurb\\code_batcave\\php-laravel-docker-snake-game\\vendor\\laravel\\framework\\src\\Illuminate\\Session\\Middleware\\StartSession.php(56): Illuminate\\Routing\\Pipeline->Illuminate\\Routing\\{closure}()
#17 C:\\Users\\onurb\\code_batcave\\php-laravel-docker-snake-game\\vendor\\laravel\\framework\\src\\Illuminate\\Pipeline\\Pipeline.php(163): Illuminate\\Session\\Middleware\\StartSession->handle()
#18 C:\\Users\\onurb\\code_batcave\\php-laravel-docker-snake-game\\vendor\\laravel\\framework\\src\\Illuminate\\Routing\\Pipeline.php(53): Illuminate\\Pipeline\\Pipeline->Illuminate\\Pipeline\\{closure}()
#19 C:\\Users\\onurb\\code_batcave\\php-laravel-docker-snake-game\\vendor\\laravel\\framework\\src\\Illuminate\\Cookie\\Middleware\\AddQueuedCookiesToResponse.php(37): Illuminate\\Routing\\Pipeline->Illuminate\\Routing\\{closure}()
#20 C:\\Users\\onurb\\code_batcave\\php-laravel-docker-snake-game\\vendor\\laravel\\framework\\src\\Illuminate\\Pipeline\\Pipeline.php(163): Illuminate\\Cookie\\Middleware\\AddQueuedCookiesToResponse->handle()
#21 C:\\Users\\onurb\\code_batcave\\php-laravel-docker-snake-game\\vendor\\laravel\\framework\\src\\Illuminate\\Routing\\Pipeline.php(53): Illuminate\\Pipeline\\Pipeline->Illuminate\\Pipeline\\{closure}()
#22 C:\\Users\\onurb\\code_batcave\\php-laravel-docker-snake-game\\vendor\\laravel\\framework\\src\\Illuminate\\Cookie\\Middleware\\EncryptCookies.php(66): Illuminate\\Routing\\Pipeline->Illuminate\\Routing\\{closure}()
#23 C:\\Users\\onurb\\code_batcave\\php-laravel-docker-snake-game\\vendor\\laravel\\framework\\src\\Illuminate\\Pipeline\\Pipeline.php(163): Illuminate\\Cookie\\Middleware\\EncryptCookies->handle()
#24 C:\\Users\\onurb\\code_batcave\\php-laravel-docker-snake-game\\vendor\\laravel\\framework\\src\\Illuminate\\Routing\\Pipeline.php(53): Illuminate\\Pipeline\\Pipeline->Illuminate\\Pipeline\\{closure}()
#25 C:\\Users\\onurb\\code_batcave\\php-laravel-docker-snake-game\\vendor\\laravel\\framework\\src\\Illuminate\\Pipeline\\Pipeline.php(104): Illuminate\\Routing\\Pipeline->Illuminate\\Routing\\{closure}()
#26 C:\\Users\\onurb\\code_batcave\\php-laravel-docker-snake-game\\vendor\\laravel\\framework\\src\\Illuminate\\Routing\\Router.php(682): Illuminate\\Pipeline\\Pipeline->then()
#27 C:\\Users\\onurb\\code_batcave\\php-laravel-docker-snake-game\\vendor\\laravel\\framework\\src\\Illuminate\\Routing\\Router.php(657): Illuminate\\Routing\\Router->runRouteWithinStack()
#28 C:\\Users\\onurb\\code_batcave\\php-laravel-docker-snake-game\\vendor\\laravel\\framework\\src\\Illuminate\\Routing\\Router.php(623): Illuminate\\Routing\\Router->runRoute()
#29 C:\\Users\\onurb\\code_batcave\\php-laravel-docker-snake-game\\vendor\\laravel\\framework\\src\\Illuminate\\Routing\\Router.php(612): Illuminate\\Routing\\Router->dispatchToRoute()
#30 C:\\Users\\onurb\\code_batcave\\php-laravel-docker-snake-game\\vendor\\laravel\\framework\\src\\Illuminate\\Foundation\\Http\\Kernel.php(176): Illuminate\\Routing\\Router->dispatch()
#31 C:\\Users\\onurb\\code_batcave\\php-laravel-docker-snake-game\\vendor\\laravel\\framework\\src\\Illuminate\\Routing\\Pipeline.php(30): Illuminate\\Foundation\\Http\\Kernel->Illuminate\\Foundation\\Http\\{closure}()
#32 C:\\Users\\onurb\\code_batcave\\php-laravel-docker-snake-game\\vendor\\fideloper\\proxy\\src\\TrustProxies.php(57): Illuminate\\Routing\\Pipeline->Illuminate\\Routing\\{closure}()
#33 C:\\Users\\onurb\\code_batcave\\php-laravel-docker-snake-game\\vendor\\laravel\\framework\\src\\Illuminate\\Pipeline\\Pipeline.php(163): Fideloper\\Proxy\\TrustProxies->handle()
#34 C:\\Users\\onurb\\code_batcave\\php-laravel-docker-snake-game\\vendor\\laravel\\framework\\src\\Illuminate\\Routing\\Pipeline.php(53): Illuminate\\Pipeline\\Pipeline->Illuminate\\Pipeline\\{closure}()
#35 C:\\Users\\onurb\\code_batcave\\php-laravel-docker-snake-game\\vendor\\laravel\\framework\\src\\Illuminate\\Foundation\\Http\\Middleware\\TransformsRequest.php(21): Illuminate\\Routing\\Pipeline->Illuminate\\Routing\\{closure}()
#36 C:\\Users\\onurb\\code_batcave\\php-laravel-docker-snake-game\\vendor\\laravel\\framework\\src\\Illuminate\\Pipeline\\Pipeline.php(163): Illuminate\\Foundation\\Http\\Middleware\\TransformsRequest->handle()
#37 C:\\Users\\onurb\\code_batcave\\php-laravel-docker-snake-game\\vendor\\laravel\\framework\\src\\Illuminate\\Routing\\Pipeline.php(53): Illuminate\\Pipeline\\Pipeline->Illuminate\\Pipeline\\{closure}()
#38 C:\\Users\\onurb\\code_batcave\\php-laravel-docker-snake-game\\vendor\\laravel\\framework\\src\\Illuminate\\Foundation\\Http\\Middleware\\TransformsRequest.php(21): Illuminate\\Routing\\Pipeline->Illuminate\\Routing\\{closure}()
#39 C:\\Users\\onurb\\code_batcave\\php-laravel-docker-snake-game\\vendor\\laravel\\framework\\src\\Illuminate\\Pipeline\\Pipeline.php(163): Illuminate\\Foundation\\Http\\Middleware\\TransformsRequest->handle()
#40 C:\\Users\\onurb\\code_batcave\\php-laravel-docker-snake-game\\vendor\\laravel\\framework\\src\\Illuminate\\Routing\\Pipeline.php(53): Illuminate\\Pipeline\\Pipeline->Illuminate\\Pipeline\\{closure}()
#41 C:\\Users\\onurb\\code_batcave\\php-laravel-docker-snake-game\\vendor\\laravel\\framework\\src\\Illuminate\\Foundation\\Http\\Middleware\\ValidatePostSize.php(27): Illuminate\\Routing\\Pipeline->Illuminate\\Routing\\{closure}()
#42 C:\\Users\\onurb\\code_batcave\\php-laravel-docker-snake-game\\vendor\\laravel\\framework\\src\\Illuminate\\Pipeline\\Pipeline.php(163): Illuminate\\Foundation\\Http\\Middleware\\ValidatePostSize->handle()
#43 C:\\Users\\onurb\\code_batcave\\php-laravel-docker-snake-game\\vendor\\laravel\\framework\\src\\Illuminate\\Routing\\Pipeline.php(53): Illuminate\\Pipeline\\Pipeline->Illuminate\\Pipeline\\{closure}()
#44 C:\\Users\\onurb\\code_batcave\\php-laravel-docker-snake-game\\vendor\\laravel\\framework\\src\\Illuminate\\Foundation\\Http\\Middleware\\CheckForMaintenanceMode.php(62): Illuminate\\Routing\\Pipeline->Illuminate\\Routing\\{closure}()
#45 C:\\Users\\onurb\\code_batcave\\php-laravel-docker-snake-game\\vendor\\laravel\\framework\\src\\Illuminate\\Pipeline\\Pipeline.php(163): Illuminate\\Foundation\\Http\\Middleware\\CheckForMaintenanceMode->handle()
#46 C:\\Users\\onurb\\code_batcave\\php-laravel-docker-snake-game\\vendor\\laravel\\framework\\src\\Illuminate\\Routing\\Pipeline.php(53): Illuminate\\Pipeline\\Pipeline->Illuminate\\Pipeline\\{closure}()
#47 C:\\Users\\onurb\\code_batcave\\php-laravel-docker-snake-game\\vendor\\laravel\\framework\\src\\Illuminate\\Pipeline\\Pipeline.php(104): Illuminate\\Routing\\Pipeline->Illuminate\\Routing\\{closure}()
#48 C:\\Users\\onurb\\code_batcave\\php-laravel-docker-snake-game\\vendor\\laravel\\framework\\src\\Illuminate\\Foundation\\Http\\Kernel.php(151): Illuminate\\Pipeline\\Pipeline->then()
#49 C:\\Users\\onurb\\code_batcave\\php-laravel-docker-snake-game\\vendor\\laravel\\framework\\src\\Illuminate\\Foundation\\Http\\Kernel.php(116): Illuminate\\Foundation\\Http\\Kernel->sendRequestThroughRouter()
#50 C:\\Users\\onurb\\code_batcave\\php-laravel-docker-snake-game\\public\\index.php(55): Illuminate\\Foundation\\Http\\Kernel->handle()
#51 C:\\Users\\onurb\\code_batcave\\php-laravel-docker-snake-game\\server.php(21): require_once('C:\\\\Users\\\\onurb\\\\...')
#52 {main}
"} 
